  Generating ../../../dependencies/glm-copying.txt
  Generating ../../../dependencies/include/glm/core/_detail.hpp
  Generating ../../../dependencies/include/glm/core/_fixes.hpp
  Generating ../../../dependencies/include/glm/core/_swizzle.hpp
  Generating ../../../dependencies/include/glm/core/_swizzle_func.hpp
  Generating ../../../dependencies/include/glm/core/_vectorize.hpp
  Generating ../../../dependencies/include/glm/core/dummy.cpp
  Generating ../../../dependencies/include/glm/core/func_common.hpp
  Generating ../../../dependencies/include/glm/core/func_common.inl
  Generating ../../../dependencies/include/glm/core/func_exponential.hpp
  Generating ../../../dependencies/include/glm/core/func_exponential.inl
  Generating ../../../dependencies/include/glm/core/func_geometric.hpp
  Generating ../../../dependencies/include/glm/core/func_geometric.inl
  Generating ../../../dependencies/include/glm/core/func_integer.hpp
  Generating ../../../dependencies/include/glm/core/func_integer.inl
  Generating ../../../dependencies/include/glm/core/func_matrix.hpp
  Generating ../../../dependencies/include/glm/core/func_matrix.inl
  Generating ../../../dependencies/include/glm/core/func_noise.hpp
  Generating ../../../dependencies/include/glm/core/func_noise.inl
  Generating ../../../dependencies/include/glm/core/func_packing.hpp
  Generating ../../../dependencies/include/glm/core/func_packing.inl
  Generating ../../../dependencies/include/glm/core/func_trigonometric.hpp
  Generating ../../../dependencies/include/glm/core/func_trigonometric.inl
  Generating ../../../dependencies/include/glm/core/func_vector_relational.hpp
  Generating ../../../dependencies/include/glm/core/func_vector_relational.inl
  Generating ../../../dependencies/include/glm/core/hint.hpp
  Generating ../../../dependencies/include/glm/core/intrinsic_common.hpp
  Generating ../../../dependencies/include/glm/core/intrinsic_common.inl
  Generating ../../../dependencies/include/glm/core/intrinsic_exponential.hpp
  Generating ../../../dependencies/include/glm/core/intrinsic_exponential.inl
  Generating ../../../dependencies/include/glm/core/intrinsic_geometric.hpp
  Generating ../../../dependencies/include/glm/core/intrinsic_geometric.inl
  Generating ../../../dependencies/include/glm/core/intrinsic_matrix.hpp
  Generating ../../../dependencies/include/glm/core/intrinsic_matrix.inl
  Generating ../../../dependencies/include/glm/core/intrinsic_trigonometric.hpp
  Generating ../../../dependencies/include/glm/core/intrinsic_trigonometric.inl
  Generating ../../../dependencies/include/glm/core/intrinsic_vector_relational.hpp
  Generating ../../../dependencies/include/glm/core/intrinsic_vector_relational.inl
  Generating ../../../dependencies/include/glm/core/setup.hpp
  Generating ../../../dependencies/include/glm/core/type.hpp
  Generating ../../../dependencies/include/glm/core/type_float.hpp
  Generating ../../../dependencies/include/glm/core/type_gentype.hpp
  Generating ../../../dependencies/include/glm/core/type_gentype.inl
  Generating ../../../dependencies/include/glm/core/type_half.hpp
  Generating ../../../dependencies/include/glm/core/type_half.inl
  Generating ../../../dependencies/include/glm/core/type_int.hpp
  Generating ../../../dependencies/include/glm/core/type_mat.hpp
  Generating ../../../dependencies/include/glm/core/type_mat.inl
  Generating ../../../dependencies/include/glm/core/type_mat2x2.hpp
  Generating ../../../dependencies/include/glm/core/type_mat2x2.inl
  Generating ../../../dependencies/include/glm/core/type_mat2x3.hpp
  Generating ../../../dependencies/include/glm/core/type_mat2x3.inl
  Generating ../../../dependencies/include/glm/core/type_mat2x4.hpp
  Generating ../../../dependencies/include/glm/core/type_mat2x4.inl
  Generating ../../../dependencies/include/glm/core/type_mat3x2.hpp
  Generating ../../../dependencies/include/glm/core/type_mat3x2.inl
  Generating ../../../dependencies/include/glm/core/type_mat3x3.hpp
  Generating ../../../dependencies/include/glm/core/type_mat3x3.inl
  Generating ../../../dependencies/include/glm/core/type_mat3x4.hpp
  Generating ../../../dependencies/include/glm/core/type_mat3x4.inl
  Generating ../../../dependencies/include/glm/core/type_mat4x2.hpp
  Generating ../../../dependencies/include/glm/core/type_mat4x2.inl
  Generating ../../../dependencies/include/glm/core/type_mat4x3.hpp
  Generating ../../../dependencies/include/glm/core/type_mat4x3.inl
  Generating ../../../dependencies/include/glm/core/type_mat4x4.hpp
  Generating ../../../dependencies/include/glm/core/type_mat4x4.inl
  Generating ../../../dependencies/include/glm/core/type_size.hpp
  Generating ../../../dependencies/include/glm/core/type_vec.hpp
  Generating ../../../dependencies/include/glm/core/type_vec.inl
  Generating ../../../dependencies/include/glm/core/type_vec1.hpp
  Generating ../../../dependencies/include/glm/core/type_vec1.inl
  Generating ../../../dependencies/include/glm/core/type_vec2.hpp
  Generating ../../../dependencies/include/glm/core/type_vec2.inl
  Generating ../../../dependencies/include/glm/core/type_vec3.hpp
  Generating ../../../dependencies/include/glm/core/type_vec3.inl
  Generating ../../../dependencies/include/glm/core/type_vec4.hpp
  Generating ../../../dependencies/include/glm/core/type_vec4.inl
  Generating ../../../dependencies/include/glm/ext.hpp
  Generating ../../../dependencies/include/glm/glm.hpp
  Generating ../../../dependencies/include/glm/gtc/constants.hpp
  Generating ../../../dependencies/include/glm/gtc/constants.inl
  Generating ../../../dependencies/include/glm/gtc/epsilon.hpp
  Generating ../../../dependencies/include/glm/gtc/epsilon.inl
  Generating ../../../dependencies/include/glm/gtc/half_float.hpp
  Generating ../../../dependencies/include/glm/gtc/half_float.inl
  Generating ../../../dependencies/include/glm/gtc/matrix_access.hpp
  Generating ../../../dependencies/include/glm/gtc/matrix_access.inl
  Generating ../../../dependencies/include/glm/gtc/matrix_integer.hpp
  Generating ../../../dependencies/include/glm/gtc/matrix_inverse.hpp
  Generating ../../../dependencies/include/glm/gtc/matrix_inverse.inl
  Generating ../../../dependencies/include/glm/gtc/matrix_transform.hpp
  Generating ../../../dependencies/include/glm/gtc/matrix_transform.inl
  Generating ../../../dependencies/include/glm/gtc/noise.hpp
  Generating ../../../dependencies/include/glm/gtc/noise.inl
  Generating ../../../dependencies/include/glm/gtc/quaternion.hpp
  Generating ../../../dependencies/include/glm/gtc/quaternion.inl
  Generating ../../../dependencies/include/glm/gtc/random.hpp
  Generating ../../../dependencies/include/glm/gtc/random.inl
  Generating ../../../dependencies/include/glm/gtc/reciprocal.hpp
  Generating ../../../dependencies/include/glm/gtc/reciprocal.inl
  Generating ../../../dependencies/include/glm/gtc/swizzle.hpp
  Generating ../../../dependencies/include/glm/gtc/swizzle.inl
  Generating ../../../dependencies/include/glm/gtc/type_precision.hpp
  Generating ../../../dependencies/include/glm/gtc/type_precision.inl
  Generating ../../../dependencies/include/glm/gtc/type_ptr.hpp
  Generating ../../../dependencies/include/glm/gtc/type_ptr.inl
  Generating ../../../dependencies/include/glm/gtc/ulp.hpp
  Generating ../../../dependencies/include/glm/gtc/ulp.inl
  Generating ../../../dependencies/include/glm/gtx/associated_min_max.hpp
  Generating ../../../dependencies/include/glm/gtx/associated_min_max.inl
  Generating ../../../dependencies/include/glm/gtx/bit.hpp
  Generating ../../../dependencies/include/glm/gtx/bit.inl
  Generating ../../../dependencies/include/glm/gtx/closest_point.hpp
  Generating ../../../dependencies/include/glm/gtx/closest_point.inl
  Generating ../../../dependencies/include/glm/gtx/color_cast.hpp
  Generating ../../../dependencies/include/glm/gtx/color_cast.inl
  Generating ../../../dependencies/include/glm/gtx/color_space.hpp
  Generating ../../../dependencies/include/glm/gtx/color_space.inl
  Generating ../../../dependencies/include/glm/gtx/color_space_YCoCg.hpp
  Generating ../../../dependencies/include/glm/gtx/color_space_YCoCg.inl
  Generating ../../../dependencies/include/glm/gtx/compatibility.hpp
  Generating ../../../dependencies/include/glm/gtx/compatibility.inl
  Generating ../../../dependencies/include/glm/gtx/component_wise.hpp
  Generating ../../../dependencies/include/glm/gtx/component_wise.inl
  Generating ../../../dependencies/include/glm/gtx/constants.hpp
  Generating ../../../dependencies/include/glm/gtx/epsilon.hpp
  Generating ../../../dependencies/include/glm/gtx/euler_angles.hpp
  Generating ../../../dependencies/include/glm/gtx/euler_angles.inl
  Generating ../../../dependencies/include/glm/gtx/extend.hpp
  Generating ../../../dependencies/include/glm/gtx/extend.inl
  Generating ../../../dependencies/include/glm/gtx/extented_min_max.hpp
  Generating ../../../dependencies/include/glm/gtx/extented_min_max.inl
  Generating ../../../dependencies/include/glm/gtx/fast_exponential.hpp
  Generating ../../../dependencies/include/glm/gtx/fast_exponential.inl
  Generating ../../../dependencies/include/glm/gtx/fast_square_root.hpp
  Generating ../../../dependencies/include/glm/gtx/fast_square_root.inl
  Generating ../../../dependencies/include/glm/gtx/fast_trigonometry.hpp
  Generating ../../../dependencies/include/glm/gtx/fast_trigonometry.inl
  Generating ../../../dependencies/include/glm/gtx/gradient_paint.hpp
  Generating ../../../dependencies/include/glm/gtx/gradient_paint.inl
  Generating ../../../dependencies/include/glm/gtx/handed_coordinate_space.hpp
  Generating ../../../dependencies/include/glm/gtx/handed_coordinate_space.inl
  Generating ../../../dependencies/include/glm/gtx/inertia.hpp
  Generating ../../../dependencies/include/glm/gtx/inertia.inl
  Generating ../../../dependencies/include/glm/gtx/int_10_10_10_2.hpp
  Generating ../../../dependencies/include/glm/gtx/int_10_10_10_2.inl
  Generating ../../../dependencies/include/glm/gtx/integer.hpp
  Generating ../../../dependencies/include/glm/gtx/integer.inl
  Generating ../../../dependencies/include/glm/gtx/intersect.hpp
  Generating ../../../dependencies/include/glm/gtx/intersect.inl
  Generating ../../../dependencies/include/glm/gtx/log_base.hpp
  Generating ../../../dependencies/include/glm/gtx/log_base.inl
  Generating ../../../dependencies/include/glm/gtx/matrix_cross_product.hpp
  Generating ../../../dependencies/include/glm/gtx/matrix_cross_product.inl
  Generating ../../../dependencies/include/glm/gtx/matrix_interpolation.hpp
  Generating ../../../dependencies/include/glm/gtx/matrix_interpolation.inl
  Generating ../../../dependencies/include/glm/gtx/matrix_major_storage.hpp
  Generating ../../../dependencies/include/glm/gtx/matrix_major_storage.inl
  Generating ../../../dependencies/include/glm/gtx/matrix_operation.hpp
  Generating ../../../dependencies/include/glm/gtx/matrix_operation.inl
  Generating ../../../dependencies/include/glm/gtx/matrix_query.hpp
  Generating ../../../dependencies/include/glm/gtx/matrix_query.inl
  Generating ../../../dependencies/include/glm/gtx/mixed_product.hpp
  Generating ../../../dependencies/include/glm/gtx/mixed_product.inl
  Generating ../../../dependencies/include/glm/gtx/multiple.hpp
  Generating ../../../dependencies/include/glm/gtx/multiple.inl
  Generating ../../../dependencies/include/glm/gtx/noise.hpp
  Generating ../../../dependencies/include/glm/gtx/norm.hpp
  Generating ../../../dependencies/include/glm/gtx/norm.inl
  Generating ../../../dependencies/include/glm/gtx/normal.hpp
  Generating ../../../dependencies/include/glm/gtx/normal.inl
  Generating ../../../dependencies/include/glm/gtx/normalize_dot.hpp
  Generating ../../../dependencies/include/glm/gtx/normalize_dot.inl
  Generating ../../../dependencies/include/glm/gtx/number_precision.hpp
  Generating ../../../dependencies/include/glm/gtx/number_precision.inl
  Generating ../../../dependencies/include/glm/gtx/ocl_type.hpp
  Generating ../../../dependencies/include/glm/gtx/ocl_type.inl
  Generating ../../../dependencies/include/glm/gtx/optimum_pow.hpp
  Generating ../../../dependencies/include/glm/gtx/optimum_pow.inl
  Generating ../../../dependencies/include/glm/gtx/orthonormalize.hpp
  Generating ../../../dependencies/include/glm/gtx/orthonormalize.inl
  Generating ../../../dependencies/include/glm/gtx/perpendicular.hpp
  Generating ../../../dependencies/include/glm/gtx/perpendicular.inl
  Generating ../../../dependencies/include/glm/gtx/polar_coordinates.hpp
  Generating ../../../dependencies/include/glm/gtx/polar_coordinates.inl
  Generating ../../../dependencies/include/glm/gtx/projection.hpp
  Generating ../../../dependencies/include/glm/gtx/projection.inl
  Generating ../../../dependencies/include/glm/gtx/quaternion.hpp
  Generating ../../../dependencies/include/glm/gtx/quaternion.inl
  Generating ../../../dependencies/include/glm/gtx/random.hpp
  Generating ../../../dependencies/include/glm/gtx/raw_data.hpp
  Generating ../../../dependencies/include/glm/gtx/raw_data.inl
  Generating ../../../dependencies/include/glm/gtx/reciprocal.hpp
  Generating ../../../dependencies/include/glm/gtx/rotate_vector.hpp
  Generating ../../../dependencies/include/glm/gtx/rotate_vector.inl
  Generating ../../../dependencies/include/glm/gtx/simd_mat4.hpp
  Generating ../../../dependencies/include/glm/gtx/simd_mat4.inl
  Generating ../../../dependencies/include/glm/gtx/simd_vec4.hpp
  Generating ../../../dependencies/include/glm/gtx/simd_vec4.inl
  Generating ../../../dependencies/include/glm/gtx/spline.hpp
  Generating ../../../dependencies/include/glm/gtx/spline.inl
  Generating ../../../dependencies/include/glm/gtx/std_based_type.hpp
  Generating ../../../dependencies/include/glm/gtx/std_based_type.inl
  Generating ../../../dependencies/include/glm/gtx/string_cast.hpp
  Generating ../../../dependencies/include/glm/gtx/string_cast.inl
  Generating ../../../dependencies/include/glm/gtx/transform.hpp
  Generating ../../../dependencies/include/glm/gtx/transform.inl
  Generating ../../../dependencies/include/glm/gtx/transform2.hpp
  Generating ../../../dependencies/include/glm/gtx/transform2.inl
  Generating ../../../dependencies/include/glm/gtx/ulp.hpp
  Generating ../../../dependencies/include/glm/gtx/unsigned_int.hpp
  Generating ../../../dependencies/include/glm/gtx/unsigned_int.inl
  Generating ../../../dependencies/include/glm/gtx/vec1.hpp
  Generating ../../../dependencies/include/glm/gtx/vec1.inl
  Generating ../../../dependencies/include/glm/gtx/vector_access.hpp
  Generating ../../../dependencies/include/glm/gtx/vector_access.inl
  Generating ../../../dependencies/include/glm/gtx/vector_angle.hpp
  Generating ../../../dependencies/include/glm/gtx/vector_angle.inl
  Generating ../../../dependencies/include/glm/gtx/vector_query.hpp
  Generating ../../../dependencies/include/glm/gtx/vector_query.inl
  Generating ../../../dependencies/include/glm/gtx/verbose_operator.hpp
  Generating ../../../dependencies/include/glm/gtx/verbose_operator.inl
  Generating ../../../dependencies/include/glm/gtx/wrap.hpp
  Generating ../../../dependencies/include/glm/gtx/wrap.inl
  Generating ../../../dependencies/include/glm/virtrev/xstream.hpp
  Building Custom Rule C:/Users/Faruk/Documents/Visual Studio 2015/Projects/AKIRAMERO/graphics 1/ZombieGame/deps/ORIGINS/cegui-deps/src/glm-0.9.4.5/CEGUI-BUILD/CMakeLists.txt
  CMake does not need to re-run because C:/Users/Faruk/Documents/Visual Studio 2015/Projects/AKIRAMERO/graphics 1/ZombieGame/deps/ORIGINS/cegui-deps/built/src/glm-0.9.4.5/CEGUI-BUILD/CMakeFiles/generate.stamp is up-to-date.
