c:\users\faruk\documents\vısual studıo 2015\projects\akıramero\graphıcs 1\graphıcstutorıals\graphıcstutorıals\debug\vc140.pdb
c:\users\faruk\documents\vısual studıo 2015\projects\akıramero\graphıcs 1\graphıcstutorıals\graphıcstutorıals\debug\vc140.ıdb
c:\users\faruk\documents\vısual studıo 2015\projects\akıramero\graphıcs 1\graphıcstutorıals\graphıcstutorıals\debug\sprıte.obj
c:\users\faruk\documents\vısual studıo 2015\projects\akıramero\graphıcs 1\graphıcstutorıals\graphıcstutorıals\debug\glslprogram.obj
c:\users\faruk\documents\vısual studıo 2015\projects\akıramero\graphıcs 1\graphıcstutorıals\graphıcstutorıals\debug\errors.obj
c:\users\faruk\documents\vısual studıo 2015\projects\akıramero\graphıcs 1\graphıcstutorıals\graphıcstutorıals\debug\ıomanager.obj
c:\users\faruk\documents\vısual studıo 2015\projects\akıramero\graphıcs 1\graphıcstutorıals\graphıcstutorıals\debug\resourcemanager.obj
c:\users\faruk\documents\vısual studıo 2015\projects\akıramero\graphıcs 1\zombıegame\graphıcstutorıals\debug\vc140.pdb
c:\users\faruk\documents\vısual studıo 2015\projects\akıramero\graphıcs 1\zombıegame\graphıcstutorıals\debug\vc140.ıdb
c:\users\faruk\documents\vısual studıo 2015\projects\akıramero\graphıcs 1\zombıegame\graphıcstutorıals\debug\bullet.obj
c:\users\faruk\documents\vısual studıo 2015\projects\akıramero\graphıcs 1\zombıegame\graphıcstutorıals\debug\maın.obj
c:\users\faruk\documents\vısual studıo 2015\projects\akıramero\graphıcs 1\zombıegame\graphıcstutorıals\debug\maıngame.obj
c:\users\faruk\documents\vısual studıo 2015\projects\akıramero\graphıcs 1\zombıegame\graphıcstutorıals\debug\maıngametutorıals.obj
c:\users\faruk\documents\vısual studıo 2015\projects\akıramero\graphıcs 1\graphıcstutorıals\debug\graphıcstutorıals.ılk
c:\users\faruk\documents\vısual studıo 2015\projects\akıramero\graphıcs 1\graphıcstutorıals\debug\graphıcstutorıals.exe
c:\users\faruk\documents\vısual studıo 2015\projects\akıramero\graphıcs 1\graphıcstutorıals\debug\graphıcstutorıals.pdb
c:\users\faruk\documents\vısual studıo 2015\projects\akıramero\graphıcs 1\zombıegame\debug\graphıcstutorıals.ılk
c:\users\faruk\documents\vısual studıo 2015\projects\akıramero\graphıcs 1\zombıegame\debug\graphıcstutorıals.exe
c:\users\faruk\documents\vısual studıo 2015\projects\akıramero\graphıcs 1\zombıegame\debug\graphıcstutorıals.pdb
c:\users\faruk\documents\visual studio 2015\projects\akıramero\graphics 1\zombiegame\graphicstutorials\debug\bullet.obj
c:\users\faruk\documents\visual studio 2015\projects\akıramero\graphics 1\zombiegame\graphicstutorials\debug\errors.obj
c:\users\faruk\documents\visual studio 2015\projects\akıramero\graphics 1\zombiegame\graphicstutorials\debug\glslprogram.obj
c:\users\faruk\documents\visual studio 2015\projects\akıramero\graphics 1\zombiegame\graphicstutorials\debug\imageloader.obj
c:\users\faruk\documents\visual studio 2015\projects\akıramero\graphics 1\zombiegame\graphicstutorials\debug\ıomanager.obj
c:\users\faruk\documents\visual studio 2015\projects\akıramero\graphics 1\zombiegame\graphicstutorials\debug\main.obj
c:\users\faruk\documents\visual studio 2015\projects\akıramero\graphics 1\zombiegame\graphicstutorials\debug\maingametutorials.obj
c:\users\faruk\documents\visual studio 2015\projects\akıramero\graphics 1\zombiegame\graphicstutorials\debug\picopng.obj
c:\users\faruk\documents\visual studio 2015\projects\akıramero\graphics 1\zombiegame\graphicstutorials\debug\resourcemanager.obj
c:\users\faruk\documents\visual studio 2015\projects\akıramero\graphics 1\zombiegame\graphicstutorials\debug\sprite.obj
c:\users\faruk\documents\visual studio 2015\projects\akıramero\graphics 1\zombiegame\graphicstutorials\debug\texturecahce.obj
c:\users\faruk\documents\visual studio 2015\projects\akıramero\graphics 1\zombiegame\graphicstutorials\debug\vc140.idb
c:\users\faruk\documents\visual studio 2015\projects\akıramero\graphics 1\zombiegame\graphicstutorials\debug\vc140.pdb
c:\users\faruk\documents\visual studio 2015\projects\akıramero\graphics 1\zombiegame\debug\graphicstutorials.pdb
c:\users\faruk\documents\visual studio 2015\projects\akıramero\graphics 1\zombiegame\debug\graphicstutorials.exe
c:\users\faruk\documents\visual studio 2015\projects\akıramero\graphics 1\zombiegame\debug\graphicstutorials.ilk
c:\users\faruk\documents\visual studio 2015\projects\akıramero\graphics 1\zombiegame\graphicstutorials\debug\graphics.989ab9f3.tlog\cl.command.1.tlog
c:\users\faruk\documents\visual studio 2015\projects\akıramero\graphics 1\zombiegame\graphicstutorials\debug\graphics.989ab9f3.tlog\cl.read.1.tlog
c:\users\faruk\documents\visual studio 2015\projects\akıramero\graphics 1\zombiegame\graphicstutorials\debug\graphics.989ab9f3.tlog\cl.write.1.tlog
c:\users\faruk\documents\visual studio 2015\projects\akıramero\graphics 1\zombiegame\graphicstutorials\debug\graphics.989ab9f3.tlog\link.command.1.tlog
c:\users\faruk\documents\visual studio 2015\projects\akıramero\graphics 1\zombiegame\graphicstutorials\debug\graphics.989ab9f3.tlog\link.read.1.tlog
c:\users\faruk\documents\visual studio 2015\projects\akıramero\graphics 1\zombiegame\graphicstutorials\debug\graphics.989ab9f3.tlog\link.write.1.tlog
