c:\users\faruk\documents\vısual studıo 2015\projects\akıramero\graphıcs 1\zombıegame\ballgame\release\vc120.pdb
c:\users\faruk\documents\vısual studıo 2015\projects\akıramero\graphıcs 1\zombıegame\ballgame\release\maıngame.obj
c:\users\faruk\documents\vısual studıo 2015\projects\akıramero\graphıcs 1\zombıegame\ballgame\release\ballrenderer.obj
c:\users\faruk\documents\vısual studıo 2015\projects\akıramero\graphıcs 1\zombıegame\ballgame\release\vc140.pdb
c:\users\faruk\documents\vısual studıo 2015\projects\akıramero\graphıcs 1\zombıegame\ballgame\release\maın.obj
c:\users\faruk\documents\vısual studıo 2015\projects\akıramero\graphıcs 1\zombıegame\ballgame\release\grıd.obj
c:\users\faruk\documents\vısual studıo 2015\projects\akıramero\graphıcs 1\zombıegame\ballgame\release\ballcontroller.obj
c:\users\faruk\documents\vısual studıo 2015\projects\akıramero\graphıcs 1\zombıegame\ballgame\release\ball.obj
c:\users\faruk\documents\vısual studıo 2015\projects\akıramero\graphıcs 1\zombıegame\ballgame\release\maınballgame.obj
c:\users\faruk\documents\vısual studıo 2015\projects\akıramero\graphıcs 1\zombıegame\release\ballgame.exe
c:\users\faruk\documents\vısual studıo 2015\projects\akıramero\graphıcs 1\zombıegame\release\ballgame.ıpdb
c:\users\faruk\documents\vısual studıo 2015\projects\akıramero\graphıcs 1\zombıegame\release\ballgame.ıobj
c:\users\faruk\documents\vısual studıo 2015\projects\akıramero\graphıcs 1\zombıegame\release\ballgame.pdb
d:\devs\c++\akıramero\openglgraphics2dtutorials\puffenginefinal\ballgame\release\ball.obj
d:\devs\c++\akıramero\openglgraphics2dtutorials\puffenginefinal\ballgame\release\ballcontroller.obj
d:\devs\c++\akıramero\openglgraphics2dtutorials\puffenginefinal\ballgame\release\ballrenderer.obj
d:\devs\c++\akıramero\openglgraphics2dtutorials\puffenginefinal\ballgame\release\grid.obj
d:\devs\c++\akıramero\openglgraphics2dtutorials\puffenginefinal\ballgame\release\main.obj
d:\devs\c++\akıramero\openglgraphics2dtutorials\puffenginefinal\ballgame\release\mainballgame.obj
d:\devs\c++\akıramero\openglgraphics2dtutorials\puffenginefinal\ballgame\release\vc120.pdb
d:\devs\c++\akıramero\openglgraphics2dtutorials\puffenginefinal\ballgame\release\vc140.pdb
d:\devs\c++\akıramero\openglgraphics2dtutorials\puffenginefinal\release\ballgame.pdb
d:\devs\c++\akıramero\openglgraphics2dtutorials\puffenginefinal\release\ballgame.exe
d:\devs\c++\akıramero\openglgraphics2dtutorials\puffenginefinal\ballgame\release\ballgame.tlog\cl.command.1.tlog
d:\devs\c++\akıramero\openglgraphics2dtutorials\puffenginefinal\ballgame\release\ballgame.tlog\cl.read.1.tlog
d:\devs\c++\akıramero\openglgraphics2dtutorials\puffenginefinal\ballgame\release\ballgame.tlog\cl.write.1.tlog
d:\devs\c++\akıramero\openglgraphics2dtutorials\puffenginefinal\ballgame\release\ballgame.tlog\link.command.1.tlog
d:\devs\c++\akıramero\openglgraphics2dtutorials\puffenginefinal\ballgame\release\ballgame.tlog\link.read.1.tlog
d:\devs\c++\akıramero\openglgraphics2dtutorials\puffenginefinal\ballgame\release\ballgame.tlog\link.write.1.tlog
