c:\users\faruk\documents\vısual studıo 2015\projects\akıramero\graphıcs 1\zombıegame\zombıegame\release\vc140.pdb
c:\users\faruk\documents\vısual studıo 2015\projects\akıramero\graphıcs 1\zombıegame\zombıegame\release\maın.obj
c:\users\faruk\documents\vısual studıo 2015\projects\akıramero\graphıcs 1\zombıegame\zombıegame\release\zombıebullet.obj
c:\users\faruk\documents\vısual studıo 2015\projects\akıramero\graphıcs 1\zombıegame\zombıegame\release\zombıe.obj
c:\users\faruk\documents\vısual studıo 2015\projects\akıramero\graphıcs 1\zombıegame\zombıegame\release\player.obj
c:\users\faruk\documents\vısual studıo 2015\projects\akıramero\graphıcs 1\zombıegame\zombıegame\release\maınzombıegame.obj
c:\users\faruk\documents\vısual studıo 2015\projects\akıramero\graphıcs 1\zombıegame\zombıegame\release\human.obj
c:\users\faruk\documents\vısual studıo 2015\projects\akıramero\graphıcs 1\zombıegame\zombıegame\release\gun.obj
c:\users\faruk\documents\vısual studıo 2015\projects\akıramero\graphıcs 1\zombıegame\zombıegame\release\agent.obj
c:\users\faruk\documents\vısual studıo 2015\projects\akıramero\graphıcs 1\zombıegame\zombıegame\release\level.obj
c:\users\faruk\documents\vısual studıo 2015\projects\akıramero\graphıcs 1\zombıegame\release\zombıegame.exe
c:\users\faruk\documents\vısual studıo 2015\projects\akıramero\graphıcs 1\zombıegame\release\zombıegame.ıpdb
c:\users\faruk\documents\vısual studıo 2015\projects\akıramero\graphıcs 1\zombıegame\release\zombıegame.ıobj
c:\users\faruk\documents\vısual studıo 2015\projects\akıramero\graphıcs 1\zombıegame\release\zombıegame.pdb
d:\devs\c++\akıramero\openglgraphics2dtutorials\puffenginefinal\zombiegame\release\agent.obj
d:\devs\c++\akıramero\openglgraphics2dtutorials\puffenginefinal\zombiegame\release\gun.obj
d:\devs\c++\akıramero\openglgraphics2dtutorials\puffenginefinal\zombiegame\release\human.obj
d:\devs\c++\akıramero\openglgraphics2dtutorials\puffenginefinal\zombiegame\release\level.obj
d:\devs\c++\akıramero\openglgraphics2dtutorials\puffenginefinal\zombiegame\release\main.obj
d:\devs\c++\akıramero\openglgraphics2dtutorials\puffenginefinal\zombiegame\release\mainzombiegame.obj
d:\devs\c++\akıramero\openglgraphics2dtutorials\puffenginefinal\zombiegame\release\player.obj
d:\devs\c++\akıramero\openglgraphics2dtutorials\puffenginefinal\zombiegame\release\zombie.obj
d:\devs\c++\akıramero\openglgraphics2dtutorials\puffenginefinal\zombiegame\release\zombiebullet.obj
d:\devs\c++\akıramero\openglgraphics2dtutorials\puffenginefinal\zombiegame\release\vc140.pdb
d:\devs\c++\akıramero\openglgraphics2dtutorials\puffenginefinal\release\zombiegame.pdb
d:\devs\c++\akıramero\openglgraphics2dtutorials\puffenginefinal\release\zombiegame.exe
d:\devs\c++\akıramero\openglgraphics2dtutorials\puffenginefinal\zombiegame\release\zombiegame.tlog\cl.command.1.tlog
d:\devs\c++\akıramero\openglgraphics2dtutorials\puffenginefinal\zombiegame\release\zombiegame.tlog\cl.read.1.tlog
d:\devs\c++\akıramero\openglgraphics2dtutorials\puffenginefinal\zombiegame\release\zombiegame.tlog\cl.write.1.tlog
d:\devs\c++\akıramero\openglgraphics2dtutorials\puffenginefinal\zombiegame\release\zombiegame.tlog\link.command.1.tlog
d:\devs\c++\akıramero\openglgraphics2dtutorials\puffenginefinal\zombiegame\release\zombiegame.tlog\link.read.1.tlog
d:\devs\c++\akıramero\openglgraphics2dtutorials\puffenginefinal\zombiegame\release\zombiegame.tlog\link.write.1.tlog
