d:\devs\c++\akıramero\openglgraphıcs2dtutorıals\puffengınefınal\debug\puffengıne.lıb
d:\devs\c++\akıramero\openglgraphıcs2dtutorıals\puffengınefınal\puffengıne\debug\puffengıne.pdb
d:\devs\c++\akıramero\openglgraphıcs2dtutorıals\puffengınefınal\puffengıne\debug\puffengıne.ıdb
d:\devs\c++\akıramero\openglgraphıcs2dtutorıals\puffengınefınal\puffengıne\debug\sprıtefont.obj
d:\devs\c++\akıramero\openglgraphıcs2dtutorıals\puffengınefınal\puffengıne\debug\sprıtebatch.obj
d:\devs\c++\akıramero\openglgraphıcs2dtutorıals\puffengınefınal\puffengıne\debug\sprıte.obj
d:\devs\c++\akıramero\openglgraphıcs2dtutorıals\puffengınefınal\puffengıne\debug\screenlıst.obj
d:\devs\c++\akıramero\openglgraphıcs2dtutorıals\puffengınefınal\puffengıne\debug\puffengıne.obj
d:\devs\c++\akıramero\openglgraphıcs2dtutorıals\puffengınefınal\puffengıne\debug\pıcopng.obj
d:\devs\c++\akıramero\openglgraphıcs2dtutorıals\puffengınefınal\puffengıne\debug\ınputmanager.obj
d:\devs\c++\akıramero\openglgraphıcs2dtutorıals\puffengınefınal\puffengıne\debug\ımageloader.obj
d:\devs\c++\akıramero\openglgraphıcs2dtutorıals\puffengınefınal\puffengıne\debug\glslprogram.obj
d:\devs\c++\akıramero\openglgraphıcs2dtutorıals\puffengınefınal\puffengıne\debug\pufferrors.obj
d:\devs\c++\akıramero\openglgraphıcs2dtutorıals\puffengınefınal\puffengıne\debug\partıcleengıne2d.obj
d:\devs\c++\akıramero\openglgraphıcs2dtutorıals\puffengınefınal\puffengıne\debug\partıclebatch2d.obj
d:\devs\c++\akıramero\openglgraphıcs2dtutorıals\puffengınefınal\puffengıne\debug\ımaıngame.obj
d:\devs\c++\akıramero\openglgraphıcs2dtutorıals\puffengınefınal\puffengıne\debug\guı.obj
d:\devs\c++\akıramero\openglgraphıcs2dtutorıals\puffengınefınal\puffengıne\debug\debugrenderer.obj
d:\devs\c++\akıramero\openglgraphıcs2dtutorıals\puffengınefınal\puffengıne\debug\camera2d.obj
d:\devs\c++\akıramero\openglgraphıcs2dtutorıals\puffengınefınal\puffengıne\debug\audıoengıne.obj
d:\devs\c++\akıramero\openglgraphıcs2dtutorıals\puffengınefınal\puffengıne\debug\wındow.obj
d:\devs\c++\akıramero\openglgraphıcs2dtutorıals\puffengınefınal\puffengıne\debug\tımıng.obj
d:\devs\c++\akıramero\openglgraphıcs2dtutorıals\puffengınefınal\puffengıne\debug\texturecahce.obj
d:\devs\c++\akıramero\openglgraphıcs2dtutorıals\puffengınefınal\puffengıne\debug\resourcemanager.obj
d:\devs\c++\akıramero\openglgraphıcs2dtutorıals\puffengınefınal\puffengıne\debug\ıomanager.obj
d:\devs\c++\akıramero\openglgraphics2dtutorials\puffenginefinal\puffengine\debug\audioengine.obj
d:\devs\c++\akıramero\openglgraphics2dtutorials\puffenginefinal\puffengine\debug\camera2d.obj
d:\devs\c++\akıramero\openglgraphics2dtutorials\puffenginefinal\puffengine\debug\debugrenderer.obj
d:\devs\c++\akıramero\openglgraphics2dtutorials\puffenginefinal\puffengine\debug\errors.obj
d:\devs\c++\akıramero\openglgraphics2dtutorials\puffenginefinal\puffengine\debug\glslprogram.obj
d:\devs\c++\akıramero\openglgraphics2dtutorials\puffenginefinal\puffengine\debug\guı.obj
d:\devs\c++\akıramero\openglgraphics2dtutorials\puffenginefinal\puffengine\debug\imageloader.obj
d:\devs\c++\akıramero\openglgraphics2dtutorials\puffenginefinal\puffengine\debug\ımaingame.obj
d:\devs\c++\akıramero\openglgraphics2dtutorials\puffenginefinal\puffengine\debug\ınputmanager.obj
d:\devs\c++\akıramero\openglgraphics2dtutorials\puffenginefinal\puffengine\debug\ıomanager.obj
d:\devs\c++\akıramero\openglgraphics2dtutorials\puffenginefinal\puffengine\debug\particlebatch2d.obj
d:\devs\c++\akıramero\openglgraphics2dtutorials\puffenginefinal\puffengine\debug\particleengine2d.obj
d:\devs\c++\akıramero\openglgraphics2dtutorials\puffenginefinal\puffengine\debug\picopng.obj
d:\devs\c++\akıramero\openglgraphics2dtutorials\puffenginefinal\puffengine\debug\puffengine.obj
d:\devs\c++\akıramero\openglgraphics2dtutorials\puffenginefinal\puffengine\debug\pufferrors.obj
d:\devs\c++\akıramero\openglgraphics2dtutorials\puffenginefinal\puffengine\debug\resourcemanager.obj
d:\devs\c++\akıramero\openglgraphics2dtutorials\puffenginefinal\puffengine\debug\screenlist.obj
d:\devs\c++\akıramero\openglgraphics2dtutorials\puffenginefinal\puffengine\debug\sprite.obj
d:\devs\c++\akıramero\openglgraphics2dtutorials\puffenginefinal\puffengine\debug\spritebatch.obj
d:\devs\c++\akıramero\openglgraphics2dtutorials\puffenginefinal\puffengine\debug\spritefont.obj
d:\devs\c++\akıramero\openglgraphics2dtutorials\puffenginefinal\puffengine\debug\texturecahce.obj
d:\devs\c++\akıramero\openglgraphics2dtutorials\puffenginefinal\puffengine\debug\timing.obj
d:\devs\c++\akıramero\openglgraphics2dtutorials\puffenginefinal\puffengine\debug\window.obj
d:\devs\c++\akıramero\openglgraphics2dtutorials\puffenginefinal\puffengine\debug\puffengine.idb
d:\devs\c++\akıramero\openglgraphics2dtutorials\puffenginefinal\puffengine\debug\puffengine.pdb
d:\devs\c++\akıramero\openglgraphics2dtutorials\puffenginefinal\debug\puffengine.pdb
d:\devs\c++\akıramero\openglgraphics2dtutorials\puffenginefinal\debug\puffengine.lib
d:\devs\c++\akıramero\openglgraphics2dtutorials\puffenginefinal\puffengine\debug\puffengine.tlog\cl.command.1.tlog
d:\devs\c++\akıramero\openglgraphics2dtutorials\puffenginefinal\puffengine\debug\puffengine.tlog\lib.command.1.tlog
d:\devs\c++\akıramero\openglgraphics2dtutorials\puffenginefinal\puffengine\debug\puffengine.tlog\cl.read.1.tlog
d:\devs\c++\akıramero\openglgraphics2dtutorials\puffenginefinal\puffengine\debug\puffengine.tlog\lib-link.read.1.tlog
d:\devs\c++\akıramero\openglgraphics2dtutorials\puffenginefinal\puffengine\debug\puffengine.tlog\lib-link.write.1.tlog
d:\devs\c++\akıramero\openglgraphics2dtutorials\puffenginefinal\puffengine\debug\puffengine.tlog\cl.write.1.tlog
