  Building Custom Rule C:/Users/Faruk/Documents/Visual Studio 2015/Projects/AKIRAMERO/graphics 1/ZombieGame/deps/ORIGINS/cegui-0.8.7/cegui/src/CMakeLists.txt
  CMake does not need to re-run because C:/Users/Faruk/Documents/Visual Studio 2015/Projects/AKIRAMERO/graphics 1/ZombieGame/deps/ORIGINS/cegui-0.8.7/build/cegui/src/CMakeFiles/generate.stamp is up-to-date.
  Affector.cpp
  Animation.cpp
  AnimationInstance.cpp
  AnimationManager.cpp
  Animation_xmlHandler.cpp
  Base.cpp
  BasicImage.cpp
  BasicRenderedStringParser.cpp
  BidiVisualMapping.cpp
  BoundSlot.cpp
  CentredRenderedString.cpp
  ChainedXMLHandler.cpp
  Clipboard.cpp
  Colour.cpp
  ColourRect.cpp
  CompositeResourceProvider.cpp
  Config_xmlHandler.cpp
  CoordConverter.cpp
  DataContainer.cpp
  DefaultLogger.cpp
  DefaultRenderedStringParser.cpp
  DefaultResourceProvider.cpp
  DynamicModule.cpp
  Element.cpp
  Event.cpp
  EventArgs.cpp
  EventSet.cpp
  Exceptions.cpp
  FactoryModule.cpp
  FactoryRegisterer.cpp
  Font.cpp
  FontManager.cpp
  Font_xmlHandler.cpp
  FormattedRenderedString.cpp
  FreeTypeFont.cpp
  GUIContext.cpp
  GUILayout_xmlHandler.cpp
  GeometryBuffer.cpp
  GlobalEventSet.cpp
  Image.cpp
  ImageCodec.cpp
  ImageManager.cpp
  JustifiedRenderedString.cpp
  JustifiedRenderedStringWordWrapper.cpp
  KeyFrame.cpp
  LeftAlignedRenderedString.cpp
  LinkedEvent.cpp
  Logger.cpp
  MouseCursor.cpp
  NamedElement.cpp
  NamedXMLResourceManager.cpp
  PCRERegexMatcher.cpp
  PixmapFont.cpp
  Property.cpp
  PropertyHelper.cpp
  PropertySet.cpp
  Quaternion.cpp
  Rect.cpp
  RenderEffectManager.cpp
  RenderQueue.cpp
  RenderTarget.cpp
  RenderedString.cpp
  RenderedStringComponent.cpp
  RenderedStringImageComponent.cpp
  RenderedStringTextComponent.cpp
  RenderedStringWidgetComponent.cpp
  RenderingSurface.cpp
  RenderingWindow.cpp
  RightAlignedRenderedString.cpp
  Scheme.cpp
  SchemeManager.cpp
  Scheme_xmlHandler.cpp
  ScriptModule.cpp
  SimpleTimer.cpp
  String.cpp
  SubscriberSlot.cpp
  System.cpp
  SystemKeys.cpp
  TextUtils.cpp
  Win32StringTranscoder.cpp
C:\Users\Faruk\Documents\Visual Studio 2015\Projects\AKIRAMERO\graphics 1\ZombieGame\deps\ORIGINS\cegui-0.8.7\cegui\src\System.cpp(479): warning C4101: 'e': unreferenced local variable
C:\Users\Faruk\Documents\Visual Studio 2015\Projects\AKIRAMERO\graphics 1\ZombieGame\deps\ORIGINS\cegui-0.8.7\cegui\src\System.cpp(511): warning C4101: 'e': unreferenced local variable
C:\Users\Faruk\Documents\Visual Studio 2015\Projects\AKIRAMERO\graphics 1\ZombieGame\deps\ORIGINS\cegui-0.8.7\cegui\src\System.cpp(544): warning C4101: 'e': unreferenced local variable
  Window.cpp
  WindowFactory.cpp
  WindowFactoryManager.cpp
  WindowManager.cpp
  WindowRenderer.cpp
  WindowRendererManager.cpp
  XMLAttributes.cpp
  XMLParser.cpp
  XMLSerializer.cpp
  ButtonBase.cpp
  ClippedContainer.cpp
  ComboDropList.cpp
  Combobox.cpp
  DefaultWindow.cpp
  DragContainer.cpp
  Editbox.cpp
  FrameWindow.cpp
  GridLayoutContainer.cpp
  GroupBox.cpp
  HorizontalLayoutContainer.cpp
  ItemEntry.cpp
  ItemListBase.cpp
  ItemListbox.cpp
  LayoutCell.cpp
  LayoutContainer.cpp
  ListHeader.cpp
  ListHeaderSegment.cpp
  Listbox.cpp
  ListboxItem.cpp
  ListboxTextItem.cpp
  MenuBase.cpp
  MenuItem.cpp
  Menubar.cpp
  MultiColumnList.cpp
  MultiLineEditbox.cpp
  PopupMenu.cpp
  ProgressBar.cpp
  PushButton.cpp
  RadioButton.cpp
  ScrollablePane.cpp
  Scrollbar.cpp
  ScrolledContainer.cpp
  ScrolledItemListBase.cpp
  SequentialLayoutContainer.cpp
  Slider.cpp
  Spinner.cpp
  TabButton.cpp
  TabControl.cpp
  Thumb.cpp
  Titlebar.cpp
  ToggleButton.cpp
  Tooltip.cpp
  Tree.cpp
  TreeItem.cpp
  VerticalLayoutContainer.cpp
  ComponentBase.cpp
  Dimensions.cpp
  EventAction.cpp
  EventLinkDefinition.cpp
  FormattingSetting.cpp
  FrameComponent.cpp
  ImageryComponent.cpp
  ImagerySection.cpp
  LayerSpecification.cpp
  NamedArea.cpp
  PropertyDefinitionBase.cpp
  PropertyInitialiser.cpp
  SectionSpecification.cpp
  StateImagery.cpp
  TextComponent.cpp
  WidgetComponent.cpp
  WidgetLookFeel.cpp
  WidgetLookManager.cpp
  XMLEnumHelper.cpp
  XMLHandler.cpp
  XMLHandler.cpp
     Creating library C:/Users/Faruk/Documents/Visual Studio 2015/Projects/AKIRAMERO/graphics 1/ZombieGame/deps/ORIGINS/cegui-0.8.7/build/lib/CEGUIBase-0.lib and object C:/Users/Faruk/Documents/Visual Studio 2015/Projects/AKIRAMERO/graphics 1/ZombieGame/deps/ORIGINS/cegui-0.8.7/build/lib/CEGUIBase-0.exp
  CEGUIBase-0.vcxproj -> C:\Users\Faruk\Documents\Visual Studio 2015\Projects\AKIRAMERO\graphics 1\ZombieGame\deps\ORIGINS\cegui-0.8.7\build\bin\CEGUIBase-0.dll
