c:\users\faruk\documents\vısual studıo 2015\projects\akıramero\graphıcs 1\zombıegame\nınjaplatformer\release\vc140.pdb
c:\users\faruk\documents\vısual studıo 2015\projects\akıramero\graphıcs 1\zombıegame\nınjaplatformer\release\playernınja.obj
c:\users\faruk\documents\vısual studıo 2015\projects\akıramero\graphıcs 1\zombıegame\nınjaplatformer\release\maın.obj
c:\users\faruk\documents\vısual studıo 2015\projects\akıramero\graphıcs 1\zombıegame\nınjaplatformer\release\gameplayscreen.obj
c:\users\faruk\documents\vısual studıo 2015\projects\akıramero\graphıcs 1\zombıegame\nınjaplatformer\release\capsule.obj
c:\users\faruk\documents\vısual studıo 2015\projects\akıramero\graphıcs 1\zombıegame\nınjaplatformer\release\box.obj
c:\users\faruk\documents\vısual studıo 2015\projects\akıramero\graphıcs 1\zombıegame\nınjaplatformer\release\app.obj
c:\users\faruk\documents\vısual studıo 2015\projects\akıramero\graphıcs 1\zombıegame\nınjaplatformer\release\maınmenuscreen.obj
c:\devs\c++\akıramero\openglgraphıcs2dtutorıals\puffengınefınal\nınjaplatformer\release\vc141.pdb
c:\devs\c++\akıramero\openglgraphıcs2dtutorıals\puffengınefınal\nınjaplatformer\release\playernınja.obj
c:\devs\c++\akıramero\openglgraphıcs2dtutorıals\puffengınefınal\nınjaplatformer\release\maınmenuscreen.obj
c:\devs\c++\akıramero\openglgraphıcs2dtutorıals\puffengınefınal\nınjaplatformer\release\maın.obj
c:\devs\c++\akıramero\openglgraphıcs2dtutorıals\puffengınefınal\nınjaplatformer\release\gameplayscreen.obj
c:\devs\c++\akıramero\openglgraphıcs2dtutorıals\puffengınefınal\nınjaplatformer\release\edıtorscreen.obj
c:\devs\c++\akıramero\openglgraphıcs2dtutorıals\puffengınefınal\nınjaplatformer\release\capsule.obj
c:\devs\c++\akıramero\openglgraphıcs2dtutorıals\puffengınefınal\nınjaplatformer\release\box.obj
c:\devs\c++\akıramero\openglgraphıcs2dtutorıals\puffengınefınal\nınjaplatformer\release\app.obj
d:\devs\c++\akıramero\openglgraphıcs2dtutorıals\puffengınefınal\nınjaplatformer\release\vc142.pdb
d:\devs\c++\akıramero\openglgraphıcs2dtutorıals\puffengınefınal\nınjaplatformer\release\playernınja.obj
d:\devs\c++\akıramero\openglgraphıcs2dtutorıals\puffengınefınal\nınjaplatformer\release\maınmenuscreen.obj
d:\devs\c++\akıramero\openglgraphıcs2dtutorıals\puffengınefınal\nınjaplatformer\release\maın.obj
d:\devs\c++\akıramero\openglgraphıcs2dtutorıals\puffengınefınal\nınjaplatformer\release\gameplayscreen.obj
d:\devs\c++\akıramero\openglgraphıcs2dtutorıals\puffengınefınal\nınjaplatformer\release\edıtorscreen.obj
d:\devs\c++\akıramero\openglgraphıcs2dtutorıals\puffengınefınal\nınjaplatformer\release\capsule.obj
d:\devs\c++\akıramero\openglgraphıcs2dtutorıals\puffengınefınal\nınjaplatformer\release\box.obj
d:\devs\c++\akıramero\openglgraphıcs2dtutorıals\puffengınefınal\nınjaplatformer\release\app.obj
c:\users\faruk\documents\vısual studıo 2015\projects\akıramero\graphıcs 1\zombıegame\release\nınjaplatformer.exe
c:\users\faruk\documents\vısual studıo 2015\projects\akıramero\graphıcs 1\zombıegame\release\nınjaplatformer.ıpdb
c:\users\faruk\documents\vısual studıo 2015\projects\akıramero\graphıcs 1\zombıegame\release\nınjaplatformer.ıobj
c:\users\faruk\documents\vısual studıo 2015\projects\akıramero\graphıcs 1\zombıegame\release\nınjaplatformer.pdb
c:\devs\c++\akıramero\openglgraphıcs2dtutorıals\puffengınefınal\release\nınjaplatformer.exe
c:\devs\c++\akıramero\openglgraphıcs2dtutorıals\puffengınefınal\release\nınjaplatformer.pdb
c:\devs\c++\akıramero\openglgraphics2dtutorials\puffenginefinal\release\ninjaplatformer.ipdb
c:\devs\c++\akıramero\openglgraphics2dtutorials\puffenginefinal\release\ninjaplatformer.iobj
d:\devs\c++\akıramero\openglgraphics2dtutorials\puffenginefinal\ninjaplatformer\release\app.obj
d:\devs\c++\akıramero\openglgraphics2dtutorials\puffenginefinal\ninjaplatformer\release\box.obj
d:\devs\c++\akıramero\openglgraphics2dtutorials\puffenginefinal\ninjaplatformer\release\capsule.obj
d:\devs\c++\akıramero\openglgraphics2dtutorials\puffenginefinal\ninjaplatformer\release\editorscreen.obj
d:\devs\c++\akıramero\openglgraphics2dtutorials\puffenginefinal\ninjaplatformer\release\gameplayscreen.obj
d:\devs\c++\akıramero\openglgraphics2dtutorials\puffenginefinal\ninjaplatformer\release\main.obj
d:\devs\c++\akıramero\openglgraphics2dtutorials\puffenginefinal\ninjaplatformer\release\mainmenuscreen.obj
d:\devs\c++\akıramero\openglgraphics2dtutorials\puffenginefinal\ninjaplatformer\release\playerninja.obj
d:\devs\c++\akıramero\openglgraphics2dtutorials\puffenginefinal\ninjaplatformer\release\vc140.pdb
d:\devs\c++\akıramero\openglgraphics2dtutorials\puffenginefinal\ninjaplatformer\release\vc141.pdb
d:\devs\c++\akıramero\openglgraphics2dtutorials\puffenginefinal\ninjaplatformer\release\vc142.pdb
d:\devs\c++\akıramero\openglgraphics2dtutorials\puffenginefinal\release\ninjaplatformer.pdb
d:\devs\c++\akıramero\openglgraphics2dtutorials\puffenginefinal\ninjaplatformer\release\ninjaplatformer.tlog\cl.command.1.tlog
d:\devs\c++\akıramero\openglgraphics2dtutorials\puffenginefinal\ninjaplatformer\release\ninjaplatformer.tlog\cl.read.1.tlog
d:\devs\c++\akıramero\openglgraphics2dtutorials\puffenginefinal\ninjaplatformer\release\ninjaplatformer.tlog\cl.write.1.tlog
d:\devs\c++\akıramero\openglgraphics2dtutorials\puffenginefinal\ninjaplatformer\release\ninjaplatformer.tlog\link.command.1.tlog
d:\devs\c++\akıramero\openglgraphics2dtutorials\puffenginefinal\ninjaplatformer\release\ninjaplatformer.tlog\link.read.1.tlog
d:\devs\c++\akıramero\openglgraphics2dtutorials\puffenginefinal\ninjaplatformer\release\ninjaplatformer.tlog\link.write.1.tlog
d:\devs\c++\akıramero\openglgraphics2dtutorials\puffenginefinal\ninjaplatformer\release\ninjaplatformer.tlog\ninjaplatformer.write.1u.tlog
