  Building Custom Rule C:/Users/Faruk/Documents/Visual Studio 2015/Projects/AKIRAMERO/graphics 1/ZombieGame/deps/ORIGINS/cegui-deps/src/libpng-1.4.7/CEGUI-BUILD/CMakeLists.txt
  CMake does not need to re-run because C:/Users/Faruk/Documents/Visual Studio 2015/Projects/AKIRAMERO/graphics 1/ZombieGame/deps/ORIGINS/cegui-deps/built/src/libpng-1.4.7/CEGUI-BUILD/CMakeFiles/generate.stamp is up-to-date.
  png.c
  pngerror.c
  pngget.c
  pngmem.c
  pngpread.c
  pngread.c
  pngrio.c
  pngrtran.c
  pngrutil.c
  pngset.c
  pngtrans.c
  pngwio.c
  pngwrite.c
  pngwtran.c
  pngwutil.c
  Generating Code...
     Creating library C:/Users/Faruk/Documents/Visual Studio 2015/Projects/AKIRAMERO/graphics 1/ZombieGame/deps/ORIGINS/cegui-deps/built/dependencies/lib/dynamic/libpng_d.lib and object C:/Users/Faruk/Documents/Visual Studio 2015/Projects/AKIRAMERO/graphics 1/ZombieGame/deps/ORIGINS/cegui-deps/built/dependencies/lib/dynamic/libpng_d.exp
  libpng.vcxproj -> C:\Users\Faruk\Documents\Visual Studio 2015\Projects\AKIRAMERO\graphics 1\ZombieGame\deps\ORIGINS\cegui-deps\built\dependencies\bin\libpng_d.dll
  libpng.vcxproj -> C:/Users/Faruk/Documents/Visual Studio 2015/Projects/AKIRAMERO/graphics 1/ZombieGame/deps/ORIGINS/cegui-deps/built/dependencies/bin/libpng_d.pdb (Full PDB)
