c:\users\faruk\documents\vısual studıo 2015\projects\akıramero\graphıcs 1\zombıegame\graphıcstutorıals\release\vc140.pdb
c:\users\faruk\documents\vısual studıo 2015\projects\akıramero\graphıcs 1\zombıegame\graphıcstutorıals\release\maın.obj
c:\users\faruk\documents\vısual studıo 2015\projects\akıramero\graphıcs 1\zombıegame\graphıcstutorıals\release\bullet.obj
c:\users\faruk\documents\vısual studıo 2015\projects\akıramero\graphıcs 1\zombıegame\graphıcstutorıals\release\maıngame.obj
c:\users\faruk\documents\vısual studıo 2015\projects\akıramero\graphıcs 1\zombıegame\graphıcstutorıals\release\maıngametutorıals.obj
c:\users\faruk\documents\vısual studıo 2015\projects\akıramero\graphıcs 1\zombıegame\release\graphıcstutorıals.exe
c:\users\faruk\documents\vısual studıo 2015\projects\akıramero\graphıcs 1\zombıegame\release\graphıcstutorıals.ıpdb
c:\users\faruk\documents\vısual studıo 2015\projects\akıramero\graphıcs 1\zombıegame\release\graphıcstutorıals.ıobj
c:\users\faruk\documents\vısual studıo 2015\projects\akıramero\graphıcs 1\zombıegame\release\graphıcstutorıals.pdb
d:\devs\c++\akıramero\openglgraphics2dtutorials\puffenginefinal\graphicstutorials\release\bullet.obj
d:\devs\c++\akıramero\openglgraphics2dtutorials\puffenginefinal\graphicstutorials\release\main.obj
d:\devs\c++\akıramero\openglgraphics2dtutorials\puffenginefinal\graphicstutorials\release\maingametutorials.obj
d:\devs\c++\akıramero\openglgraphics2dtutorials\puffenginefinal\graphicstutorials\release\vc140.pdb
d:\devs\c++\akıramero\openglgraphics2dtutorials\puffenginefinal\release\graphicstutorials.pdb
d:\devs\c++\akıramero\openglgraphics2dtutorials\puffenginefinal\release\graphicstutorials.exe
d:\devs\c++\akıramero\openglgraphics2dtutorials\puffenginefinal\graphicstutorials\release\graphics.989ab9f3.tlog\cl.command.1.tlog
d:\devs\c++\akıramero\openglgraphics2dtutorials\puffenginefinal\graphicstutorials\release\graphics.989ab9f3.tlog\cl.read.1.tlog
d:\devs\c++\akıramero\openglgraphics2dtutorials\puffenginefinal\graphicstutorials\release\graphics.989ab9f3.tlog\cl.write.1.tlog
d:\devs\c++\akıramero\openglgraphics2dtutorials\puffenginefinal\graphicstutorials\release\graphics.989ab9f3.tlog\link.command.1.tlog
d:\devs\c++\akıramero\openglgraphics2dtutorials\puffenginefinal\graphicstutorials\release\graphics.989ab9f3.tlog\link.read.1.tlog
d:\devs\c++\akıramero\openglgraphics2dtutorials\puffenginefinal\graphicstutorials\release\graphics.989ab9f3.tlog\link.write.1.tlog
