  Building Custom Rule C:/Users/Faruk/Documents/Visual Studio 2015/Projects/AKIRAMERO/graphics 1/ZombieGame/deps/ORIGINS/cegui-deps/src/glfw-2.7.2/CEGUI-BUILD/CMakeLists.txt
  CMake does not need to re-run because C:/Users/Faruk/Documents/Visual Studio 2015/Projects/AKIRAMERO/graphics 1/ZombieGame/deps/ORIGINS/cegui-deps/built/src/glfw-2.7.2/CEGUI-BUILD/CMakeFiles/generate.stamp is up-to-date.
  enable.c
  fullscreen.c
  glext.c
  image.c
  init.c
  input.c
  joystick.c
  stream.c
C:\Users\Faruk\Documents\Visual Studio 2015\Projects\AKIRAMERO\graphics 1\ZombieGame\deps\ORIGINS\cegui-deps\src\glfw-2.7.2\lib\stream.c(31): warning C4005: '_CRT_SECURE_NO_WARNINGS': macro redefinition
  C:\Users\Faruk\Documents\Visual Studio 2015\Projects\AKIRAMERO\graphics 1\ZombieGame\deps\ORIGINS\cegui-deps\src\glfw-2.7.2\lib\stream.c(31): note: command-line arguments:  see previous definition of '_CRT_SECURE_NO_WARNINGS'
  tga.c
  thread.c
  time.c
  window.c
  win32_dllmain.c
  win32_enable.c
  win32_fullscreen.c
  win32_glext.c
  win32_init.c
C:\Users\Faruk\Documents\Visual Studio 2015\Projects\AKIRAMERO\graphics 1\ZombieGame\deps\ORIGINS\cegui-deps\src\glfw-2.7.2\lib\win32\win32_init.c(237): warning C4996: 'GetVersionExA': was declared deprecated
  C:\Program Files (x86)\Windows Kits\10\Include\10.0.14393.0\um\sysinfoapi.h(442): note: see declaration of 'GetVersionExA'
  win32_joystick.c
  win32_thread.c
  win32_time.c
  Generating Code...
  Compiling...
  win32_window.c
  Generating Code...
     Creating library C:/Users/Faruk/Documents/Visual Studio 2015/Projects/AKIRAMERO/graphics 1/ZombieGame/deps/ORIGINS/cegui-deps/built/dependencies/lib/dynamic/glfw.lib and object C:/Users/Faruk/Documents/Visual Studio 2015/Projects/AKIRAMERO/graphics 1/ZombieGame/deps/ORIGINS/cegui-deps/built/dependencies/lib/dynamic/glfw.exp
  glfw.vcxproj -> C:\Users\Faruk\Documents\Visual Studio 2015\Projects\AKIRAMERO\graphics 1\ZombieGame\deps\ORIGINS\cegui-deps\built\dependencies\bin\glfw.dll
