  Checking Build System
  CMake does not need to re-run because C:/Users/Faruk/Documents/Visual Studio 2015/Projects/AKIRAMERO/graphics 1/ZombieGame/deps/ORIGINS/cegui-0.8.7/build/CMakeFiles/generate.stamp is up-to-date.
  CMake does not need to re-run because C:/Users/Faruk/Documents/Visual Studio 2015/Projects/AKIRAMERO/graphics 1/ZombieGame/deps/ORIGINS/cegui-0.8.7/build/cegui/src/CMakeFiles/generate.stamp is up-to-date.
  CMake does not need to re-run because C:/Users/Faruk/Documents/Visual Studio 2015/Projects/AKIRAMERO/graphics 1/ZombieGame/deps/ORIGINS/cegui-0.8.7/build/cegui/src/RendererModules/CMakeFiles/generate.stamp is up-to-date.
  CMake does not need to re-run because C:/Users/Faruk/Documents/Visual Studio 2015/Projects/AKIRAMERO/graphics 1/ZombieGame/deps/ORIGINS/cegui-0.8.7/build/cegui/src/RendererModules/OpenGL/CMakeFiles/generate.stamp is up-to-date.
  CMake does not need to re-run because C:/Users/Faruk/Documents/Visual Studio 2015/Projects/AKIRAMERO/graphics 1/ZombieGame/deps/ORIGINS/cegui-0.8.7/build/cegui/src/XMLParserModules/CMakeFiles/generate.stamp is up-to-date.
  CMake does not need to re-run because C:/Users/Faruk/Documents/Visual Studio 2015/Projects/AKIRAMERO/graphics 1/ZombieGame/deps/ORIGINS/cegui-0.8.7/build/cegui/src/XMLParserModules/Expat/CMakeFiles/generate.stamp is up-to-date.
  CMake does not need to re-run because C:/Users/Faruk/Documents/Visual Studio 2015/Projects/AKIRAMERO/graphics 1/ZombieGame/deps/ORIGINS/cegui-0.8.7/build/cegui/src/ImageCodecModules/CMakeFiles/generate.stamp is up-to-date.
  CMake does not need to re-run because C:/Users/Faruk/Documents/Visual Studio 2015/Projects/AKIRAMERO/graphics 1/ZombieGame/deps/ORIGINS/cegui-0.8.7/build/cegui/src/ImageCodecModules/SILLY/CMakeFiles/generate.stamp is up-to-date.
  CMake does not need to re-run because C:/Users/Faruk/Documents/Visual Studio 2015/Projects/AKIRAMERO/graphics 1/ZombieGame/deps/ORIGINS/cegui-0.8.7/build/cegui/src/WindowRendererSets/CMakeFiles/generate.stamp is up-to-date.
  CMake does not need to re-run because C:/Users/Faruk/Documents/Visual Studio 2015/Projects/AKIRAMERO/graphics 1/ZombieGame/deps/ORIGINS/cegui-0.8.7/build/cegui/src/WindowRendererSets/Core/CMakeFiles/generate.stamp is up-to-date.
  CMake does not need to re-run because C:/Users/Faruk/Documents/Visual Studio 2015/Projects/AKIRAMERO/graphics 1/ZombieGame/deps/ORIGINS/cegui-0.8.7/build/cegui/src/ScriptModules/CMakeFiles/generate.stamp is up-to-date.
  CMake does not need to re-run because C:/Users/Faruk/Documents/Visual Studio 2015/Projects/AKIRAMERO/graphics 1/ZombieGame/deps/ORIGINS/cegui-0.8.7/build/cegui/src/CommonDialogs/CMakeFiles/generate.stamp is up-to-date.
  CMake does not need to re-run because C:/Users/Faruk/Documents/Visual Studio 2015/Projects/AKIRAMERO/graphics 1/ZombieGame/deps/ORIGINS/cegui-0.8.7/build/samples_framework/CMakeFiles/generate.stamp is up-to-date.
  CMake does not need to re-run because C:/Users/Faruk/Documents/Visual Studio 2015/Projects/AKIRAMERO/graphics 1/ZombieGame/deps/ORIGINS/cegui-0.8.7/build/samples/CMakeFiles/generate.stamp is up-to-date.
  CMake does not need to re-run because C:/Users/Faruk/Documents/Visual Studio 2015/Projects/AKIRAMERO/graphics 1/ZombieGame/deps/ORIGINS/cegui-0.8.7/build/samples/HelloWorld/CMakeFiles/generate.stamp is up-to-date.
  CMake does not need to re-run because C:/Users/Faruk/Documents/Visual Studio 2015/Projects/AKIRAMERO/graphics 1/ZombieGame/deps/ORIGINS/cegui-0.8.7/build/samples/LookNFeelOverview/CMakeFiles/generate.stamp is up-to-date.
  CMake does not need to re-run because C:/Users/Faruk/Documents/Visual Studio 2015/Projects/AKIRAMERO/graphics 1/ZombieGame/deps/ORIGINS/cegui-0.8.7/build/samples/GameMenu/CMakeFiles/generate.stamp is up-to-date.
  CMake does not need to re-run because C:/Users/Faruk/Documents/Visual Studio 2015/Projects/AKIRAMERO/graphics 1/ZombieGame/deps/ORIGINS/cegui-0.8.7/build/samples/HUDDemo/CMakeFiles/generate.stamp is up-to-date.
  CMake does not need to re-run because C:/Users/Faruk/Documents/Visual Studio 2015/Projects/AKIRAMERO/graphics 1/ZombieGame/deps/ORIGINS/cegui-0.8.7/build/samples/DragDropDemo/CMakeFiles/generate.stamp is up-to-date.
  CMake does not need to re-run because C:/Users/Faruk/Documents/Visual Studio 2015/Projects/AKIRAMERO/graphics 1/ZombieGame/deps/ORIGINS/cegui-0.8.7/build/samples/InventoryDemo/CMakeFiles/generate.stamp is up-to-date.
  CMake does not need to re-run because C:/Users/Faruk/Documents/Visual Studio 2015/Projects/AKIRAMERO/graphics 1/ZombieGame/deps/ORIGINS/cegui-0.8.7/build/samples/EffectsDemo/CMakeFiles/generate.stamp is up-to-date.
  CMake does not need to re-run because C:/Users/Faruk/Documents/Visual Studio 2015/Projects/AKIRAMERO/graphics 1/ZombieGame/deps/ORIGINS/cegui-0.8.7/build/samples/FontDemo/CMakeFiles/generate.stamp is up-to-date.
  CMake does not need to re-run because C:/Users/Faruk/Documents/Visual Studio 2015/Projects/AKIRAMERO/graphics 1/ZombieGame/deps/ORIGINS/cegui-0.8.7/build/samples/Demo6/CMakeFiles/generate.stamp is up-to-date.
  CMake does not need to re-run because C:/Users/Faruk/Documents/Visual Studio 2015/Projects/AKIRAMERO/graphics 1/ZombieGame/deps/ORIGINS/cegui-0.8.7/build/samples/EditboxValidationDemo/CMakeFiles/generate.stamp is up-to-date.
  CMake does not need to re-run because C:/Users/Faruk/Documents/Visual Studio 2015/Projects/AKIRAMERO/graphics 1/ZombieGame/deps/ORIGINS/cegui-0.8.7/build/samples/Minesweeper/CMakeFiles/generate.stamp is up-to-date.
  CMake does not need to re-run because C:/Users/Faruk/Documents/Visual Studio 2015/Projects/AKIRAMERO/graphics 1/ZombieGame/deps/ORIGINS/cegui-0.8.7/build/samples/ScrollablePaneDemo/CMakeFiles/generate.stamp is up-to-date.
  CMake does not need to re-run because C:/Users/Faruk/Documents/Visual Studio 2015/Projects/AKIRAMERO/graphics 1/ZombieGame/deps/ORIGINS/cegui-0.8.7/build/samples/TabControlDemo/CMakeFiles/generate.stamp is up-to-date.
  CMake does not need to re-run because C:/Users/Faruk/Documents/Visual Studio 2015/Projects/AKIRAMERO/graphics 1/ZombieGame/deps/ORIGINS/cegui-0.8.7/build/samples/CommonDialogsDemo/CMakeFiles/generate.stamp is up-to-date.
  CMake does not need to re-run because C:/Users/Faruk/Documents/Visual Studio 2015/Projects/AKIRAMERO/graphics 1/ZombieGame/deps/ORIGINS/cegui-0.8.7/build/samples/WidgetDemo/CMakeFiles/generate.stamp is up-to-date.
  CMake does not need to re-run because C:/Users/Faruk/Documents/Visual Studio 2015/Projects/AKIRAMERO/graphics 1/ZombieGame/deps/ORIGINS/cegui-0.8.7/build/samples/TextDemo/CMakeFiles/generate.stamp is up-to-date.
  CMake does not need to re-run because C:/Users/Faruk/Documents/Visual Studio 2015/Projects/AKIRAMERO/graphics 1/ZombieGame/deps/ORIGINS/cegui-0.8.7/build/samples/TreeDemo/CMakeFiles/generate.stamp is up-to-date.
  CMake does not need to re-run because C:/Users/Faruk/Documents/Visual Studio 2015/Projects/AKIRAMERO/graphics 1/ZombieGame/deps/ORIGINS/cegui-0.8.7/build/application_templates/CMakeFiles/generate.stamp is up-to-date.
  CMake does not need to re-run because C:/Users/Faruk/Documents/Visual Studio 2015/Projects/AKIRAMERO/graphics 1/ZombieGame/deps/ORIGINS/cegui-0.8.7/build/datafiles/CMakeFiles/generate.stamp is up-to-date.
