c:\users\faruk\documents\vısual studıo 2015\projects\akıramero\graphıcs 1\zombıegame\ballgame\debug\vc120.pdb
c:\users\faruk\documents\vısual studıo 2015\projects\akıramero\graphıcs 1\zombıegame\ballgame\debug\vc120.ıdb
c:\users\faruk\documents\vısual studıo 2015\projects\akıramero\graphıcs 1\zombıegame\ballgame\debug\ball.obj
c:\users\faruk\documents\vısual studıo 2015\projects\akıramero\graphıcs 1\zombıegame\ballgame\debug\ballcontroller.obj
c:\users\faruk\documents\vısual studıo 2015\projects\akıramero\graphıcs 1\zombıegame\ballgame\debug\ballrenderer.obj
c:\users\faruk\documents\vısual studıo 2015\projects\akıramero\graphıcs 1\zombıegame\ballgame\debug\grıd.obj
c:\users\faruk\documents\vısual studıo 2015\projects\akıramero\graphıcs 1\zombıegame\ballgame\debug\maın.obj
c:\users\faruk\documents\vısual studıo 2015\projects\akıramero\graphıcs 1\zombıegame\ballgame\debug\maıngame.obj
c:\users\faruk\documents\vısual studıo 2015\projects\akıramero\graphıcs 1\zombıegame\ballgame\debug\vc140.pdb
c:\users\faruk\documents\vısual studıo 2015\projects\akıramero\graphıcs 1\zombıegame\ballgame\debug\vc140.ıdb
c:\users\faruk\documents\vısual studıo 2015\projects\akıramero\graphıcs 1\zombıegame\ballgame\debug\maınballgame.obj
c:\users\faruk\documents\vısual studıo 2015\projects\akıramero\graphıcs 1\zombıegame\debug\ballgame.ılk
c:\users\faruk\documents\vısual studıo 2015\projects\akıramero\graphıcs 1\zombıegame\debug\ballgame.exe
c:\users\faruk\documents\vısual studıo 2015\projects\akıramero\graphıcs 1\zombıegame\debug\ballgame.pdb
c:\users\faruk\documents\visual studio 2015\projects\akıramero\graphics 1\zombiegame\ballgame\debug\ball.obj
c:\users\faruk\documents\visual studio 2015\projects\akıramero\graphics 1\zombiegame\ballgame\debug\ballcontroller.obj
c:\users\faruk\documents\visual studio 2015\projects\akıramero\graphics 1\zombiegame\ballgame\debug\ballrenderer.obj
c:\users\faruk\documents\visual studio 2015\projects\akıramero\graphics 1\zombiegame\ballgame\debug\grid.obj
c:\users\faruk\documents\visual studio 2015\projects\akıramero\graphics 1\zombiegame\ballgame\debug\main.obj
c:\users\faruk\documents\visual studio 2015\projects\akıramero\graphics 1\zombiegame\ballgame\debug\mainballgame.obj
c:\users\faruk\documents\visual studio 2015\projects\akıramero\graphics 1\zombiegame\ballgame\debug\vc120.idb
c:\users\faruk\documents\visual studio 2015\projects\akıramero\graphics 1\zombiegame\ballgame\debug\vc140.idb
c:\users\faruk\documents\visual studio 2015\projects\akıramero\graphics 1\zombiegame\ballgame\debug\vc120.pdb
c:\users\faruk\documents\visual studio 2015\projects\akıramero\graphics 1\zombiegame\ballgame\debug\vc140.pdb
c:\users\faruk\documents\visual studio 2015\projects\akıramero\graphics 1\zombiegame\debug\ballgame.pdb
c:\users\faruk\documents\visual studio 2015\projects\akıramero\graphics 1\zombiegame\debug\ballgame.exe
c:\users\faruk\documents\visual studio 2015\projects\akıramero\graphics 1\zombiegame\debug\ballgame.ilk
c:\users\faruk\documents\visual studio 2015\projects\akıramero\graphics 1\zombiegame\ballgame\debug\ballgame.tlog\cl.command.1.tlog
c:\users\faruk\documents\visual studio 2015\projects\akıramero\graphics 1\zombiegame\ballgame\debug\ballgame.tlog\cl.read.1.tlog
c:\users\faruk\documents\visual studio 2015\projects\akıramero\graphics 1\zombiegame\ballgame\debug\ballgame.tlog\cl.write.1.tlog
c:\users\faruk\documents\visual studio 2015\projects\akıramero\graphics 1\zombiegame\ballgame\debug\ballgame.tlog\link.command.1.tlog
c:\users\faruk\documents\visual studio 2015\projects\akıramero\graphics 1\zombiegame\ballgame\debug\ballgame.tlog\link.read.1.tlog
c:\users\faruk\documents\visual studio 2015\projects\akıramero\graphics 1\zombiegame\ballgame\debug\ballgame.tlog\link.write.1.tlog
