c:\users\faruk\documents\vısual studıo 2015\projects\akıramero\graphıcs 1\zombıegame\nınjaplatformer\release\vc140.pdb
c:\users\faruk\documents\vısual studıo 2015\projects\akıramero\graphıcs 1\zombıegame\nınjaplatformer\release\playernınja.obj
c:\users\faruk\documents\vısual studıo 2015\projects\akıramero\graphıcs 1\zombıegame\nınjaplatformer\release\maın.obj
c:\users\faruk\documents\vısual studıo 2015\projects\akıramero\graphıcs 1\zombıegame\nınjaplatformer\release\gameplayscreen.obj
c:\users\faruk\documents\vısual studıo 2015\projects\akıramero\graphıcs 1\zombıegame\nınjaplatformer\release\capsule.obj
c:\users\faruk\documents\vısual studıo 2015\projects\akıramero\graphıcs 1\zombıegame\nınjaplatformer\release\box.obj
c:\users\faruk\documents\vısual studıo 2015\projects\akıramero\graphıcs 1\zombıegame\nınjaplatformer\release\app.obj
c:\users\faruk\documents\vısual studıo 2015\projects\akıramero\graphıcs 1\zombıegame\release\nınjaplatformer.exe
c:\users\faruk\documents\vısual studıo 2015\projects\akıramero\graphıcs 1\zombıegame\release\nınjaplatformer.ıpdb
c:\users\faruk\documents\vısual studıo 2015\projects\akıramero\graphıcs 1\zombıegame\release\nınjaplatformer.ıobj
c:\users\faruk\documents\vısual studıo 2015\projects\akıramero\graphıcs 1\zombıegame\release\nınjaplatformer.pdb
c:\users\faruk\documents\visual studio 2015\projects\akıramero\graphics 1\zombiegame\ninjaplatformer\release\app.obj
c:\users\faruk\documents\visual studio 2015\projects\akıramero\graphics 1\zombiegame\ninjaplatformer\release\box.obj
c:\users\faruk\documents\visual studio 2015\projects\akıramero\graphics 1\zombiegame\ninjaplatformer\release\capsule.obj
c:\users\faruk\documents\visual studio 2015\projects\akıramero\graphics 1\zombiegame\ninjaplatformer\release\gameplayscreen.obj
c:\users\faruk\documents\visual studio 2015\projects\akıramero\graphics 1\zombiegame\ninjaplatformer\release\main.obj
c:\users\faruk\documents\visual studio 2015\projects\akıramero\graphics 1\zombiegame\ninjaplatformer\release\playerninja.obj
c:\users\faruk\documents\visual studio 2015\projects\akıramero\graphics 1\zombiegame\ninjaplatformer\release\vc140.pdb
c:\users\faruk\documents\visual studio 2015\projects\akıramero\graphics 1\zombiegame\release\ninjaplatformer.pdb
c:\users\faruk\documents\visual studio 2015\projects\akıramero\graphics 1\zombiegame\release\ninjaplatformer.exe
c:\users\faruk\documents\visual studio 2015\projects\akıramero\graphics 1\zombiegame\ninjaplatformer\release\ninjaplatformer.tlog\cl.command.1.tlog
c:\users\faruk\documents\visual studio 2015\projects\akıramero\graphics 1\zombiegame\ninjaplatformer\release\ninjaplatformer.tlog\cl.read.1.tlog
c:\users\faruk\documents\visual studio 2015\projects\akıramero\graphics 1\zombiegame\ninjaplatformer\release\ninjaplatformer.tlog\cl.write.1.tlog
c:\users\faruk\documents\visual studio 2015\projects\akıramero\graphics 1\zombiegame\ninjaplatformer\release\ninjaplatformer.tlog\link.command.1.tlog
c:\users\faruk\documents\visual studio 2015\projects\akıramero\graphics 1\zombiegame\ninjaplatformer\release\ninjaplatformer.tlog\link.read.1.tlog
c:\users\faruk\documents\visual studio 2015\projects\akıramero\graphics 1\zombiegame\ninjaplatformer\release\ninjaplatformer.tlog\link.write.1.tlog
