c:\users\faruk\documents\vısual studıo 2015\projects\akıramero\graphıcs 1\zombıegame\zombıegame\debug\vc140.pdb
c:\users\faruk\documents\vısual studıo 2015\projects\akıramero\graphıcs 1\zombıegame\zombıegame\debug\vc140.ıdb
c:\users\faruk\documents\vısual studıo 2015\projects\akıramero\graphıcs 1\zombıegame\zombıegame\debug\maın.obj
c:\users\faruk\documents\vısual studıo 2015\projects\akıramero\graphıcs 1\zombıegame\zombıegame\debug\maıngame.obj
c:\users\faruk\documents\vısual studıo 2015\projects\akıramero\graphıcs 1\zombıegame\zombıegame\debug\maınzombıegame.obj
c:\users\faruk\documents\vısual studıo 2015\projects\akıramero\graphıcs 1\zombıegame\zombıegame\debug\human.obj
c:\users\faruk\documents\vısual studıo 2015\projects\akıramero\graphıcs 1\zombıegame\zombıegame\debug\player.obj
c:\users\faruk\documents\vısual studıo 2015\projects\akıramero\graphıcs 1\zombıegame\zombıegame\debug\zombıe.obj
c:\users\faruk\documents\vısual studıo 2015\projects\akıramero\graphıcs 1\zombıegame\zombıegame\debug\level.obj
c:\users\faruk\documents\vısual studıo 2015\projects\akıramero\graphıcs 1\zombıegame\zombıegame\debug\agent.obj
c:\users\faruk\documents\vısual studıo 2015\projects\akıramero\graphıcs 1\zombıegame\zombıegame\debug\gun.obj
c:\users\faruk\documents\vısual studıo 2015\projects\akıramero\graphıcs 1\zombıegame\zombıegame\debug\zombıebullet.obj
d:\devs\c++\akıramero\openglgraphıcs2dtutorıals\puffengınefınal\zombıegame\debug\vc142.pdb
d:\devs\c++\akıramero\openglgraphıcs2dtutorıals\puffengınefınal\zombıegame\debug\vc142.ıdb
d:\devs\c++\akıramero\openglgraphıcs2dtutorıals\puffengınefınal\zombıegame\debug\maınzombıegame.obj
d:\devs\c++\akıramero\openglgraphıcs2dtutorıals\puffengınefınal\zombıegame\debug\maın.obj
d:\devs\c++\akıramero\openglgraphıcs2dtutorıals\puffengınefınal\zombıegame\debug\level.obj
d:\devs\c++\akıramero\openglgraphıcs2dtutorıals\puffengınefınal\zombıegame\debug\gun.obj
d:\devs\c++\akıramero\openglgraphıcs2dtutorıals\puffengınefınal\zombıegame\debug\zombıe.obj
d:\devs\c++\akıramero\openglgraphıcs2dtutorıals\puffengınefınal\zombıegame\debug\player.obj
d:\devs\c++\akıramero\openglgraphıcs2dtutorıals\puffengınefınal\zombıegame\debug\human.obj
d:\devs\c++\akıramero\openglgraphıcs2dtutorıals\puffengınefınal\zombıegame\debug\agent.obj
c:\users\faruk\documents\vısual studıo 2015\projects\akıramero\graphıcs 1\zombıegame\debug\zombıegame.ılk
c:\users\faruk\documents\vısual studıo 2015\projects\akıramero\graphıcs 1\zombıegame\debug\zombıegame.exe
c:\users\faruk\documents\vısual studıo 2015\projects\akıramero\graphıcs 1\zombıegame\debug\zombıegame.pdb
d:\devs\c++\akıramero\openglgraphics2dtutorials\puffenginefinal\zombiegame\debug\agent.obj
d:\devs\c++\akıramero\openglgraphics2dtutorials\puffenginefinal\zombiegame\debug\gun.obj
d:\devs\c++\akıramero\openglgraphics2dtutorials\puffenginefinal\zombiegame\debug\human.obj
d:\devs\c++\akıramero\openglgraphics2dtutorials\puffenginefinal\zombiegame\debug\level.obj
d:\devs\c++\akıramero\openglgraphics2dtutorials\puffenginefinal\zombiegame\debug\main.obj
d:\devs\c++\akıramero\openglgraphics2dtutorials\puffenginefinal\zombiegame\debug\mainzombiegame.obj
d:\devs\c++\akıramero\openglgraphics2dtutorials\puffenginefinal\zombiegame\debug\player.obj
d:\devs\c++\akıramero\openglgraphics2dtutorials\puffenginefinal\zombiegame\debug\zombie.obj
d:\devs\c++\akıramero\openglgraphics2dtutorials\puffenginefinal\zombiegame\debug\zombiebullet.obj
d:\devs\c++\akıramero\openglgraphics2dtutorials\puffenginefinal\zombiegame\debug\vc140.idb
d:\devs\c++\akıramero\openglgraphics2dtutorials\puffenginefinal\zombiegame\debug\vc142.idb
d:\devs\c++\akıramero\openglgraphics2dtutorials\puffenginefinal\zombiegame\debug\vc140.pdb
d:\devs\c++\akıramero\openglgraphics2dtutorials\puffenginefinal\zombiegame\debug\vc142.pdb
d:\devs\c++\akıramero\openglgraphics2dtutorials\puffenginefinal\debug\zombiegame.pdb
d:\devs\c++\akıramero\openglgraphics2dtutorials\puffenginefinal\debug\zombiegame.exe
d:\devs\c++\akıramero\openglgraphics2dtutorials\puffenginefinal\debug\zombiegame.ilk
d:\devs\c++\akıramero\openglgraphics2dtutorials\puffenginefinal\zombiegame\debug\zombiegame.tlog\cl.command.1.tlog
d:\devs\c++\akıramero\openglgraphics2dtutorials\puffenginefinal\zombiegame\debug\zombiegame.tlog\cl.read.1.tlog
d:\devs\c++\akıramero\openglgraphics2dtutorials\puffenginefinal\zombiegame\debug\zombiegame.tlog\cl.write.1.tlog
d:\devs\c++\akıramero\openglgraphics2dtutorials\puffenginefinal\zombiegame\debug\zombiegame.tlog\link.command.1.tlog
d:\devs\c++\akıramero\openglgraphics2dtutorials\puffenginefinal\zombiegame\debug\zombiegame.tlog\link.read.1.tlog
d:\devs\c++\akıramero\openglgraphics2dtutorials\puffenginefinal\zombiegame\debug\zombiegame.tlog\link.write.1.tlog
