c:\users\faruk\documents\vısual studıo 2015\projects\akıramero\graphıcs 1\zombıegame\deps\orıgıns\box2d-2.3.1\box2d\buıld\vs2013\bın\x32\debug\box2d.pdb
c:\users\faruk\documents\vısual studıo 2015\projects\akıramero\graphıcs 1\zombıegame\deps\orıgıns\box2d-2.3.1\box2d\buıld\vs2013\bın\x32\debug\box2d.ıdb
c:\users\faruk\documents\vısual studıo 2015\projects\akıramero\graphıcs 1\zombıegame\deps\orıgıns\box2d-2.3.1\box2d\buıld\vs2013\obj\x32\debug\box2d\b2chaınandpolygoncontact.obj
c:\users\faruk\documents\vısual studıo 2015\projects\akıramero\graphıcs 1\zombıegame\deps\orıgıns\box2d-2.3.1\box2d\buıld\vs2013\obj\x32\debug\box2d\b2cırclecontact.obj
c:\users\faruk\documents\vısual studıo 2015\projects\akıramero\graphıcs 1\zombıegame\deps\orıgıns\box2d-2.3.1\box2d\buıld\vs2013\obj\x32\debug\box2d\b2contact.obj
c:\users\faruk\documents\vısual studıo 2015\projects\akıramero\graphıcs 1\zombıegame\deps\orıgıns\box2d-2.3.1\box2d\buıld\vs2013\obj\x32\debug\box2d\b2edgeandcırclecontact.obj
c:\users\faruk\documents\vısual studıo 2015\projects\akıramero\graphıcs 1\zombıegame\deps\orıgıns\box2d-2.3.1\box2d\buıld\vs2013\obj\x32\debug\box2d\b2edgeandpolygoncontact.obj
c:\users\faruk\documents\vısual studıo 2015\projects\akıramero\graphıcs 1\zombıegame\deps\orıgıns\box2d-2.3.1\box2d\buıld\vs2013\obj\x32\debug\box2d\b2polygonandcırclecontact.obj
c:\users\faruk\documents\vısual studıo 2015\projects\akıramero\graphıcs 1\zombıegame\deps\orıgıns\box2d-2.3.1\box2d\buıld\vs2013\obj\x32\debug\box2d\b2polygoncontact.obj
c:\users\faruk\documents\vısual studıo 2015\projects\akıramero\graphıcs 1\zombıegame\deps\orıgıns\box2d-2.3.1\box2d\buıld\vs2013\obj\x32\debug\box2d\b2dıstancejoınt.obj
c:\users\faruk\documents\vısual studıo 2015\projects\akıramero\graphıcs 1\zombıegame\deps\orıgıns\box2d-2.3.1\box2d\buıld\vs2013\obj\x32\debug\box2d\b2frıctıonjoınt.obj
c:\users\faruk\documents\vısual studıo 2015\projects\akıramero\graphıcs 1\zombıegame\deps\orıgıns\box2d-2.3.1\box2d\buıld\vs2013\obj\x32\debug\box2d\b2gearjoınt.obj
c:\users\faruk\documents\vısual studıo 2015\projects\akıramero\graphıcs 1\zombıegame\deps\orıgıns\box2d-2.3.1\box2d\buıld\vs2013\obj\x32\debug\box2d\b2joınt.obj
c:\users\faruk\documents\vısual studıo 2015\projects\akıramero\graphıcs 1\zombıegame\deps\orıgıns\box2d-2.3.1\box2d\buıld\vs2013\obj\x32\debug\box2d\b2motorjoınt.obj
c:\users\faruk\documents\vısual studıo 2015\projects\akıramero\graphıcs 1\zombıegame\deps\orıgıns\box2d-2.3.1\box2d\buıld\vs2013\obj\x32\debug\box2d\b2mousejoınt.obj
c:\users\faruk\documents\vısual studıo 2015\projects\akıramero\graphıcs 1\zombıegame\deps\orıgıns\box2d-2.3.1\box2d\buıld\vs2013\obj\x32\debug\box2d\b2prısmatıcjoınt.obj
c:\users\faruk\documents\vısual studıo 2015\projects\akıramero\graphıcs 1\zombıegame\deps\orıgıns\box2d-2.3.1\box2d\buıld\vs2013\obj\x32\debug\box2d\b2pulleyjoınt.obj
c:\users\faruk\documents\vısual studıo 2015\projects\akıramero\graphıcs 1\zombıegame\deps\orıgıns\box2d-2.3.1\box2d\buıld\vs2013\obj\x32\debug\box2d\b2revolutejoınt.obj
c:\users\faruk\documents\vısual studıo 2015\projects\akıramero\graphıcs 1\zombıegame\deps\orıgıns\box2d-2.3.1\box2d\buıld\vs2013\obj\x32\debug\box2d\b2ropejoınt.obj
c:\users\faruk\documents\vısual studıo 2015\projects\akıramero\graphıcs 1\zombıegame\deps\orıgıns\box2d-2.3.1\box2d\buıld\vs2013\obj\x32\debug\box2d\b2weldjoınt.obj
c:\users\faruk\documents\vısual studıo 2015\projects\akıramero\graphıcs 1\zombıegame\deps\orıgıns\box2d-2.3.1\box2d\buıld\vs2013\obj\x32\debug\box2d\b2dıstance.obj
c:\users\faruk\documents\vısual studıo 2015\projects\akıramero\graphıcs 1\zombıegame\deps\orıgıns\box2d-2.3.1\box2d\buıld\vs2013\obj\x32\debug\box2d\b2dynamıctree.obj
c:\users\faruk\documents\vısual studıo 2015\projects\akıramero\graphıcs 1\zombıegame\deps\orıgıns\box2d-2.3.1\box2d\buıld\vs2013\obj\x32\debug\box2d\b2tımeofımpact.obj
c:\users\faruk\documents\vısual studıo 2015\projects\akıramero\graphıcs 1\zombıegame\deps\orıgıns\box2d-2.3.1\box2d\buıld\vs2013\obj\x32\debug\box2d\b2chaınshape.obj
c:\users\faruk\documents\vısual studıo 2015\projects\akıramero\graphıcs 1\zombıegame\deps\orıgıns\box2d-2.3.1\box2d\buıld\vs2013\obj\x32\debug\box2d\b2cırcleshape.obj
c:\users\faruk\documents\vısual studıo 2015\projects\akıramero\graphıcs 1\zombıegame\deps\orıgıns\box2d-2.3.1\box2d\buıld\vs2013\obj\x32\debug\box2d\b2edgeshape.obj
c:\users\faruk\documents\vısual studıo 2015\projects\akıramero\graphıcs 1\zombıegame\deps\orıgıns\box2d-2.3.1\box2d\buıld\vs2013\obj\x32\debug\box2d\b2polygonshape.obj
c:\users\faruk\documents\vısual studıo 2015\projects\akıramero\graphıcs 1\zombıegame\deps\orıgıns\box2d-2.3.1\box2d\buıld\vs2013\obj\x32\debug\box2d\b2blockallocator.obj
c:\users\faruk\documents\vısual studıo 2015\projects\akıramero\graphıcs 1\zombıegame\deps\orıgıns\box2d-2.3.1\box2d\buıld\vs2013\obj\x32\debug\box2d\b2draw.obj
c:\users\faruk\documents\vısual studıo 2015\projects\akıramero\graphıcs 1\zombıegame\deps\orıgıns\box2d-2.3.1\box2d\buıld\vs2013\obj\x32\debug\box2d\b2math.obj
c:\users\faruk\documents\vısual studıo 2015\projects\akıramero\graphıcs 1\zombıegame\deps\orıgıns\box2d-2.3.1\box2d\buıld\vs2013\obj\x32\debug\box2d\b2settıngs.obj
c:\users\faruk\documents\vısual studıo 2015\projects\akıramero\graphıcs 1\zombıegame\deps\orıgıns\box2d-2.3.1\box2d\buıld\vs2013\obj\x32\debug\box2d\b2stackallocator.obj
c:\users\faruk\documents\vısual studıo 2015\projects\akıramero\graphıcs 1\zombıegame\deps\orıgıns\box2d-2.3.1\box2d\buıld\vs2013\obj\x32\debug\box2d\b2tımer.obj
c:\users\faruk\documents\vısual studıo 2015\projects\akıramero\graphıcs 1\zombıegame\deps\orıgıns\box2d-2.3.1\box2d\buıld\vs2013\obj\x32\debug\box2d\b2body.obj
c:\users\faruk\documents\vısual studıo 2015\projects\akıramero\graphıcs 1\zombıegame\deps\orıgıns\box2d-2.3.1\box2d\buıld\vs2013\obj\x32\debug\box2d\b2contactmanager.obj
c:\users\faruk\documents\vısual studıo 2015\projects\akıramero\graphıcs 1\zombıegame\deps\orıgıns\box2d-2.3.1\box2d\buıld\vs2013\obj\x32\debug\box2d\b2fıxture.obj
c:\users\faruk\documents\vısual studıo 2015\projects\akıramero\graphıcs 1\zombıegame\deps\orıgıns\box2d-2.3.1\box2d\buıld\vs2013\obj\x32\debug\box2d\b2world.obj
c:\users\faruk\documents\vısual studıo 2015\projects\akıramero\graphıcs 1\zombıegame\deps\orıgıns\box2d-2.3.1\box2d\buıld\vs2013\obj\x32\debug\box2d\b2worldcallbacks.obj
c:\users\faruk\documents\vısual studıo 2015\projects\akıramero\graphıcs 1\zombıegame\deps\orıgıns\box2d-2.3.1\box2d\buıld\vs2013\obj\x32\debug\box2d\b2chaınandcırclecontact.obj
c:\users\faruk\documents\vısual studıo 2015\projects\akıramero\graphıcs 1\zombıegame\deps\orıgıns\box2d-2.3.1\box2d\buıld\vs2013\obj\x32\debug\box2d\b2broadphase.obj
c:\users\faruk\documents\vısual studıo 2015\projects\akıramero\graphıcs 1\zombıegame\deps\orıgıns\box2d-2.3.1\box2d\buıld\vs2013\obj\x32\debug\box2d\b2collıdeedge.obj
c:\users\faruk\documents\vısual studıo 2015\projects\akıramero\graphıcs 1\zombıegame\deps\orıgıns\box2d-2.3.1\box2d\buıld\vs2013\obj\x32\debug\box2d\b2collıdepolygon.obj
c:\users\faruk\documents\vısual studıo 2015\projects\akıramero\graphıcs 1\zombıegame\deps\orıgıns\box2d-2.3.1\box2d\buıld\vs2013\obj\x32\debug\box2d\b2collısıon.obj
c:\users\faruk\documents\vısual studıo 2015\projects\akıramero\graphıcs 1\zombıegame\deps\orıgıns\box2d-2.3.1\box2d\buıld\vs2013\obj\x32\debug\box2d\b2wheeljoınt.obj
c:\users\faruk\documents\vısual studıo 2015\projects\akıramero\graphıcs 1\zombıegame\deps\orıgıns\box2d-2.3.1\box2d\buıld\vs2013\obj\x32\debug\box2d\b2collıdecırcle.obj
c:\users\faruk\documents\vısual studıo 2015\projects\akıramero\graphıcs 1\zombıegame\deps\orıgıns\box2d-2.3.1\box2d\buıld\vs2013\obj\x32\debug\box2d\b2contactsolver.obj
c:\users\faruk\documents\vısual studıo 2015\projects\akıramero\graphıcs 1\zombıegame\deps\orıgıns\box2d-2.3.1\box2d\buıld\vs2013\obj\x32\debug\box2d\b2ısland.obj
c:\users\faruk\documents\vısual studıo 2015\projects\akıramero\graphıcs 1\zombıegame\deps\orıgıns\box2d-2.3.1\box2d\buıld\vs2013\bın\x32\debug\box2d.lıb
c:\users\faruk\documents\visual studio 2015\projects\akıramero\graphics 1\zombiegame\deps\orıgıns\box2d-2.3.1\box2d\build\vs2013\obj\x32\debug\box2d\b2blockallocator.obj
c:\users\faruk\documents\visual studio 2015\projects\akıramero\graphics 1\zombiegame\deps\orıgıns\box2d-2.3.1\box2d\build\vs2013\obj\x32\debug\box2d\b2body.obj
c:\users\faruk\documents\visual studio 2015\projects\akıramero\graphics 1\zombiegame\deps\orıgıns\box2d-2.3.1\box2d\build\vs2013\obj\x32\debug\box2d\b2broadphase.obj
c:\users\faruk\documents\visual studio 2015\projects\akıramero\graphics 1\zombiegame\deps\orıgıns\box2d-2.3.1\box2d\build\vs2013\obj\x32\debug\box2d\b2chainandcirclecontact.obj
c:\users\faruk\documents\visual studio 2015\projects\akıramero\graphics 1\zombiegame\deps\orıgıns\box2d-2.3.1\box2d\build\vs2013\obj\x32\debug\box2d\b2chainandpolygoncontact.obj
c:\users\faruk\documents\visual studio 2015\projects\akıramero\graphics 1\zombiegame\deps\orıgıns\box2d-2.3.1\box2d\build\vs2013\obj\x32\debug\box2d\b2chainshape.obj
c:\users\faruk\documents\visual studio 2015\projects\akıramero\graphics 1\zombiegame\deps\orıgıns\box2d-2.3.1\box2d\build\vs2013\obj\x32\debug\box2d\b2circlecontact.obj
c:\users\faruk\documents\visual studio 2015\projects\akıramero\graphics 1\zombiegame\deps\orıgıns\box2d-2.3.1\box2d\build\vs2013\obj\x32\debug\box2d\b2circleshape.obj
c:\users\faruk\documents\visual studio 2015\projects\akıramero\graphics 1\zombiegame\deps\orıgıns\box2d-2.3.1\box2d\build\vs2013\obj\x32\debug\box2d\b2collidecircle.obj
c:\users\faruk\documents\visual studio 2015\projects\akıramero\graphics 1\zombiegame\deps\orıgıns\box2d-2.3.1\box2d\build\vs2013\obj\x32\debug\box2d\b2collideedge.obj
c:\users\faruk\documents\visual studio 2015\projects\akıramero\graphics 1\zombiegame\deps\orıgıns\box2d-2.3.1\box2d\build\vs2013\obj\x32\debug\box2d\b2collidepolygon.obj
c:\users\faruk\documents\visual studio 2015\projects\akıramero\graphics 1\zombiegame\deps\orıgıns\box2d-2.3.1\box2d\build\vs2013\obj\x32\debug\box2d\b2collision.obj
c:\users\faruk\documents\visual studio 2015\projects\akıramero\graphics 1\zombiegame\deps\orıgıns\box2d-2.3.1\box2d\build\vs2013\obj\x32\debug\box2d\b2contact.obj
c:\users\faruk\documents\visual studio 2015\projects\akıramero\graphics 1\zombiegame\deps\orıgıns\box2d-2.3.1\box2d\build\vs2013\obj\x32\debug\box2d\b2contactmanager.obj
c:\users\faruk\documents\visual studio 2015\projects\akıramero\graphics 1\zombiegame\deps\orıgıns\box2d-2.3.1\box2d\build\vs2013\obj\x32\debug\box2d\b2contactsolver.obj
c:\users\faruk\documents\visual studio 2015\projects\akıramero\graphics 1\zombiegame\deps\orıgıns\box2d-2.3.1\box2d\build\vs2013\obj\x32\debug\box2d\b2distance.obj
c:\users\faruk\documents\visual studio 2015\projects\akıramero\graphics 1\zombiegame\deps\orıgıns\box2d-2.3.1\box2d\build\vs2013\obj\x32\debug\box2d\b2distancejoint.obj
c:\users\faruk\documents\visual studio 2015\projects\akıramero\graphics 1\zombiegame\deps\orıgıns\box2d-2.3.1\box2d\build\vs2013\obj\x32\debug\box2d\b2draw.obj
c:\users\faruk\documents\visual studio 2015\projects\akıramero\graphics 1\zombiegame\deps\orıgıns\box2d-2.3.1\box2d\build\vs2013\obj\x32\debug\box2d\b2dynamictree.obj
c:\users\faruk\documents\visual studio 2015\projects\akıramero\graphics 1\zombiegame\deps\orıgıns\box2d-2.3.1\box2d\build\vs2013\obj\x32\debug\box2d\b2edgeandcirclecontact.obj
c:\users\faruk\documents\visual studio 2015\projects\akıramero\graphics 1\zombiegame\deps\orıgıns\box2d-2.3.1\box2d\build\vs2013\obj\x32\debug\box2d\b2edgeandpolygoncontact.obj
c:\users\faruk\documents\visual studio 2015\projects\akıramero\graphics 1\zombiegame\deps\orıgıns\box2d-2.3.1\box2d\build\vs2013\obj\x32\debug\box2d\b2edgeshape.obj
c:\users\faruk\documents\visual studio 2015\projects\akıramero\graphics 1\zombiegame\deps\orıgıns\box2d-2.3.1\box2d\build\vs2013\obj\x32\debug\box2d\b2fixture.obj
c:\users\faruk\documents\visual studio 2015\projects\akıramero\graphics 1\zombiegame\deps\orıgıns\box2d-2.3.1\box2d\build\vs2013\obj\x32\debug\box2d\b2frictionjoint.obj
c:\users\faruk\documents\visual studio 2015\projects\akıramero\graphics 1\zombiegame\deps\orıgıns\box2d-2.3.1\box2d\build\vs2013\obj\x32\debug\box2d\b2gearjoint.obj
c:\users\faruk\documents\visual studio 2015\projects\akıramero\graphics 1\zombiegame\deps\orıgıns\box2d-2.3.1\box2d\build\vs2013\obj\x32\debug\box2d\b2ısland.obj
c:\users\faruk\documents\visual studio 2015\projects\akıramero\graphics 1\zombiegame\deps\orıgıns\box2d-2.3.1\box2d\build\vs2013\obj\x32\debug\box2d\b2joint.obj
c:\users\faruk\documents\visual studio 2015\projects\akıramero\graphics 1\zombiegame\deps\orıgıns\box2d-2.3.1\box2d\build\vs2013\obj\x32\debug\box2d\b2math.obj
c:\users\faruk\documents\visual studio 2015\projects\akıramero\graphics 1\zombiegame\deps\orıgıns\box2d-2.3.1\box2d\build\vs2013\obj\x32\debug\box2d\b2motorjoint.obj
c:\users\faruk\documents\visual studio 2015\projects\akıramero\graphics 1\zombiegame\deps\orıgıns\box2d-2.3.1\box2d\build\vs2013\obj\x32\debug\box2d\b2mousejoint.obj
c:\users\faruk\documents\visual studio 2015\projects\akıramero\graphics 1\zombiegame\deps\orıgıns\box2d-2.3.1\box2d\build\vs2013\obj\x32\debug\box2d\b2polygonandcirclecontact.obj
c:\users\faruk\documents\visual studio 2015\projects\akıramero\graphics 1\zombiegame\deps\orıgıns\box2d-2.3.1\box2d\build\vs2013\obj\x32\debug\box2d\b2polygoncontact.obj
c:\users\faruk\documents\visual studio 2015\projects\akıramero\graphics 1\zombiegame\deps\orıgıns\box2d-2.3.1\box2d\build\vs2013\obj\x32\debug\box2d\b2polygonshape.obj
c:\users\faruk\documents\visual studio 2015\projects\akıramero\graphics 1\zombiegame\deps\orıgıns\box2d-2.3.1\box2d\build\vs2013\obj\x32\debug\box2d\b2prismaticjoint.obj
c:\users\faruk\documents\visual studio 2015\projects\akıramero\graphics 1\zombiegame\deps\orıgıns\box2d-2.3.1\box2d\build\vs2013\obj\x32\debug\box2d\b2pulleyjoint.obj
c:\users\faruk\documents\visual studio 2015\projects\akıramero\graphics 1\zombiegame\deps\orıgıns\box2d-2.3.1\box2d\build\vs2013\obj\x32\debug\box2d\b2revolutejoint.obj
c:\users\faruk\documents\visual studio 2015\projects\akıramero\graphics 1\zombiegame\deps\orıgıns\box2d-2.3.1\box2d\build\vs2013\obj\x32\debug\box2d\b2ropejoint.obj
c:\users\faruk\documents\visual studio 2015\projects\akıramero\graphics 1\zombiegame\deps\orıgıns\box2d-2.3.1\box2d\build\vs2013\obj\x32\debug\box2d\b2settings.obj
c:\users\faruk\documents\visual studio 2015\projects\akıramero\graphics 1\zombiegame\deps\orıgıns\box2d-2.3.1\box2d\build\vs2013\obj\x32\debug\box2d\b2stackallocator.obj
c:\users\faruk\documents\visual studio 2015\projects\akıramero\graphics 1\zombiegame\deps\orıgıns\box2d-2.3.1\box2d\build\vs2013\obj\x32\debug\box2d\b2timeofımpact.obj
c:\users\faruk\documents\visual studio 2015\projects\akıramero\graphics 1\zombiegame\deps\orıgıns\box2d-2.3.1\box2d\build\vs2013\obj\x32\debug\box2d\b2timer.obj
c:\users\faruk\documents\visual studio 2015\projects\akıramero\graphics 1\zombiegame\deps\orıgıns\box2d-2.3.1\box2d\build\vs2013\obj\x32\debug\box2d\b2weldjoint.obj
c:\users\faruk\documents\visual studio 2015\projects\akıramero\graphics 1\zombiegame\deps\orıgıns\box2d-2.3.1\box2d\build\vs2013\obj\x32\debug\box2d\b2wheeljoint.obj
c:\users\faruk\documents\visual studio 2015\projects\akıramero\graphics 1\zombiegame\deps\orıgıns\box2d-2.3.1\box2d\build\vs2013\obj\x32\debug\box2d\b2world.obj
c:\users\faruk\documents\visual studio 2015\projects\akıramero\graphics 1\zombiegame\deps\orıgıns\box2d-2.3.1\box2d\build\vs2013\obj\x32\debug\box2d\b2worldcallbacks.obj
c:\users\faruk\documents\visual studio 2015\projects\akıramero\graphics 1\zombiegame\deps\orıgıns\box2d-2.3.1\box2d\build\vs2013\bin\x32\debug\box2d.lib
c:\users\faruk\documents\visual studio 2015\projects\akıramero\graphics 1\zombiegame\deps\orıgıns\box2d-2.3.1\box2d\build\vs2013\obj\x32\debug\box2d\box2d.tlog\cl.command.1.tlog
c:\users\faruk\documents\visual studio 2015\projects\akıramero\graphics 1\zombiegame\deps\orıgıns\box2d-2.3.1\box2d\build\vs2013\obj\x32\debug\box2d\box2d.tlog\cl.read.1.tlog
c:\users\faruk\documents\visual studio 2015\projects\akıramero\graphics 1\zombiegame\deps\orıgıns\box2d-2.3.1\box2d\build\vs2013\obj\x32\debug\box2d\box2d.tlog\cl.write.1.tlog
c:\users\faruk\documents\visual studio 2015\projects\akıramero\graphics 1\zombiegame\deps\orıgıns\box2d-2.3.1\box2d\build\vs2013\obj\x32\debug\box2d\box2d.tlog\lib-link.read.1.tlog
c:\users\faruk\documents\visual studio 2015\projects\akıramero\graphics 1\zombiegame\deps\orıgıns\box2d-2.3.1\box2d\build\vs2013\obj\x32\debug\box2d\box2d.tlog\lib-link.write.1.tlog
c:\users\faruk\documents\visual studio 2015\projects\akıramero\graphics 1\zombiegame\deps\orıgıns\box2d-2.3.1\box2d\build\vs2013\obj\x32\debug\box2d\box2d.tlog\lib.command.1.tlog
