c:\users\faruk\documents\vısual studıo 2015\projects\akıramero\graphıcs 1\zombıegame\puffengıne\release\puffengıne.pdb
c:\users\faruk\documents\vısual studıo 2015\projects\akıramero\graphıcs 1\zombıegame\puffengıne\release\wındow.obj
c:\users\faruk\documents\vısual studıo 2015\projects\akıramero\graphıcs 1\zombıegame\puffengıne\release\tımıng.obj
c:\users\faruk\documents\vısual studıo 2015\projects\akıramero\graphıcs 1\zombıegame\puffengıne\release\texturecahce.obj
c:\users\faruk\documents\vısual studıo 2015\projects\akıramero\graphıcs 1\zombıegame\puffengıne\release\sprıtebatch.obj
c:\users\faruk\documents\vısual studıo 2015\projects\akıramero\graphıcs 1\zombıegame\puffengıne\release\sprıte.obj
c:\users\faruk\documents\vısual studıo 2015\projects\akıramero\graphıcs 1\zombıegame\puffengıne\release\resourcemanager.obj
c:\users\faruk\documents\vısual studıo 2015\projects\akıramero\graphıcs 1\zombıegame\puffengıne\release\puffengıne.obj
c:\users\faruk\documents\vısual studıo 2015\projects\akıramero\graphıcs 1\zombıegame\puffengıne\release\pıcopng.obj
c:\users\faruk\documents\vısual studıo 2015\projects\akıramero\graphıcs 1\zombıegame\puffengıne\release\ıomanager.obj
c:\users\faruk\documents\vısual studıo 2015\projects\akıramero\graphıcs 1\zombıegame\puffengıne\release\ınputmanager.obj
c:\users\faruk\documents\vısual studıo 2015\projects\akıramero\graphıcs 1\zombıegame\puffengıne\release\ımageloader.obj
c:\users\faruk\documents\vısual studıo 2015\projects\akıramero\graphıcs 1\zombıegame\puffengıne\release\glslprogram.obj
c:\users\faruk\documents\vısual studıo 2015\projects\akıramero\graphıcs 1\zombıegame\puffengıne\release\errors.obj
c:\users\faruk\documents\vısual studıo 2015\projects\akıramero\graphıcs 1\zombıegame\puffengıne\release\camera2d.obj
c:\users\faruk\documents\vısual studıo 2015\projects\akıramero\graphıcs 1\zombıegame\puffengıne\release\pufferrors.obj
c:\users\faruk\documents\vısual studıo 2015\projects\akıramero\graphıcs 1\zombıegame\puffengıne\release\audıoengıne.obj
c:\users\faruk\documents\vısual studıo 2015\projects\akıramero\graphıcs 1\zombıegame\puffengıne\release\partıcleengıne2d.obj
c:\users\faruk\documents\vısual studıo 2015\projects\akıramero\graphıcs 1\zombıegame\puffengıne\release\partıclebatch2d.obj
c:\users\faruk\documents\vısual studıo 2015\projects\akıramero\graphıcs 1\zombıegame\puffengıne\release\sprıtefont.obj
c:\users\faruk\documents\vısual studıo 2015\projects\akıramero\graphıcs 1\zombıegame\puffengıne\release\screenlıst.obj
c:\users\faruk\documents\vısual studıo 2015\projects\akıramero\graphıcs 1\zombıegame\puffengıne\release\ımaıngame.obj
c:\users\faruk\documents\vısual studıo 2015\projects\akıramero\graphıcs 1\zombıegame\puffengıne\release\debugrenderer.obj
c:\users\faruk\documents\vısual studıo 2015\projects\akıramero\graphıcs 1\zombıegame\puffengıne\release\guı.obj
c:\devs\c++\akıramero\openglgraphıcs2dtutorıals\puffengınefınal\puffengıne\release\puffengıne.pdb
c:\devs\c++\akıramero\openglgraphıcs2dtutorıals\puffengınefınal\puffengıne\release\texturecahce.obj
c:\devs\c++\akıramero\openglgraphıcs2dtutorıals\puffengınefınal\puffengıne\release\sprıtefont.obj
c:\devs\c++\akıramero\openglgraphıcs2dtutorıals\puffengınefınal\puffengıne\release\sprıtebatch.obj
c:\devs\c++\akıramero\openglgraphıcs2dtutorıals\puffengınefınal\puffengıne\release\sprıte.obj
c:\devs\c++\akıramero\openglgraphıcs2dtutorıals\puffengınefınal\puffengıne\release\screenlıst.obj
c:\devs\c++\akıramero\openglgraphıcs2dtutorıals\puffengınefınal\puffengıne\release\resourcemanager.obj
c:\devs\c++\akıramero\openglgraphıcs2dtutorıals\puffengınefınal\puffengıne\release\puffengıne.obj
c:\devs\c++\akıramero\openglgraphıcs2dtutorıals\puffengınefınal\puffengıne\release\pıcopng.obj
c:\devs\c++\akıramero\openglgraphıcs2dtutorıals\puffengınefınal\puffengıne\release\ıomanager.obj
c:\devs\c++\akıramero\openglgraphıcs2dtutorıals\puffengınefınal\puffengıne\release\ınputmanager.obj
c:\devs\c++\akıramero\openglgraphıcs2dtutorıals\puffengınefınal\puffengıne\release\ımageloader.obj
c:\devs\c++\akıramero\openglgraphıcs2dtutorıals\puffengınefınal\puffengıne\release\glslprogram.obj
c:\devs\c++\akıramero\openglgraphıcs2dtutorıals\puffengınefınal\puffengıne\release\pufferrors.obj
c:\devs\c++\akıramero\openglgraphıcs2dtutorıals\puffengınefınal\puffengıne\release\partıcleengıne2d.obj
c:\devs\c++\akıramero\openglgraphıcs2dtutorıals\puffengınefınal\puffengıne\release\partıclebatch2d.obj
c:\devs\c++\akıramero\openglgraphıcs2dtutorıals\puffengınefınal\puffengıne\release\ımaıngame.obj
c:\devs\c++\akıramero\openglgraphıcs2dtutorıals\puffengınefınal\puffengıne\release\guı.obj
c:\devs\c++\akıramero\openglgraphıcs2dtutorıals\puffengınefınal\puffengıne\release\debugrenderer.obj
c:\devs\c++\akıramero\openglgraphıcs2dtutorıals\puffengınefınal\puffengıne\release\camera2d.obj
c:\devs\c++\akıramero\openglgraphıcs2dtutorıals\puffengınefınal\puffengıne\release\audıoengıne.obj
c:\devs\c++\akıramero\openglgraphıcs2dtutorıals\puffengınefınal\puffengıne\release\wındow.obj
c:\devs\c++\akıramero\openglgraphıcs2dtutorıals\puffengınefınal\puffengıne\release\tımıng.obj
d:\devs\c++\akıramero\openglgraphıcs2dtutorıals\puffengınefınal\puffengıne\release\puffengıne.pdb
d:\devs\c++\akıramero\openglgraphıcs2dtutorıals\puffengınefınal\puffengıne\release\sprıtefont.obj
d:\devs\c++\akıramero\openglgraphıcs2dtutorıals\puffengınefınal\puffengıne\release\sprıtebatch.obj
d:\devs\c++\akıramero\openglgraphıcs2dtutorıals\puffengınefınal\puffengıne\release\sprıte.obj
d:\devs\c++\akıramero\openglgraphıcs2dtutorıals\puffengınefınal\puffengıne\release\screenlıst.obj
d:\devs\c++\akıramero\openglgraphıcs2dtutorıals\puffengınefınal\puffengıne\release\puffengıne.obj
d:\devs\c++\akıramero\openglgraphıcs2dtutorıals\puffengınefınal\puffengıne\release\pıcopng.obj
d:\devs\c++\akıramero\openglgraphıcs2dtutorıals\puffengınefınal\puffengıne\release\ınputmanager.obj
d:\devs\c++\akıramero\openglgraphıcs2dtutorıals\puffengınefınal\puffengıne\release\ımageloader.obj
d:\devs\c++\akıramero\openglgraphıcs2dtutorıals\puffengınefınal\puffengıne\release\glslprogram.obj
d:\devs\c++\akıramero\openglgraphıcs2dtutorıals\puffengınefınal\puffengıne\release\pufferrors.obj
d:\devs\c++\akıramero\openglgraphıcs2dtutorıals\puffengınefınal\puffengıne\release\partıcleengıne2d.obj
d:\devs\c++\akıramero\openglgraphıcs2dtutorıals\puffengınefınal\puffengıne\release\partıclebatch2d.obj
d:\devs\c++\akıramero\openglgraphıcs2dtutorıals\puffengınefınal\puffengıne\release\ımaıngame.obj
d:\devs\c++\akıramero\openglgraphıcs2dtutorıals\puffengınefınal\puffengıne\release\guı.obj
d:\devs\c++\akıramero\openglgraphıcs2dtutorıals\puffengınefınal\puffengıne\release\debugrenderer.obj
d:\devs\c++\akıramero\openglgraphıcs2dtutorıals\puffengınefınal\puffengıne\release\camera2d.obj
d:\devs\c++\akıramero\openglgraphıcs2dtutorıals\puffengınefınal\puffengıne\release\audıoengıne.obj
d:\devs\c++\akıramero\openglgraphıcs2dtutorıals\puffengınefınal\puffengıne\release\wındow.obj
d:\devs\c++\akıramero\openglgraphıcs2dtutorıals\puffengınefınal\puffengıne\release\tımıng.obj
d:\devs\c++\akıramero\openglgraphıcs2dtutorıals\puffengınefınal\puffengıne\release\ıomanager.obj
d:\devs\c++\akıramero\openglgraphıcs2dtutorıals\puffengınefınal\puffengıne\release\resourcemanager.obj
d:\devs\c++\akıramero\openglgraphıcs2dtutorıals\puffengınefınal\puffengıne\release\texturecahce.obj
c:\users\faruk\documents\vısual studıo 2015\projects\akıramero\graphıcs 1\zombıegame\release\puffengıne.lıb
c:\devs\c++\akıramero\openglgraphıcs2dtutorıals\puffengınefınal\release\puffengıne.lıb
d:\devs\c++\akıramero\openglgraphics2dtutorials\puffenginefinal\puffengine\release\audioengine.obj
d:\devs\c++\akıramero\openglgraphics2dtutorials\puffenginefinal\puffengine\release\camera2d.obj
d:\devs\c++\akıramero\openglgraphics2dtutorials\puffenginefinal\puffengine\release\debugrenderer.obj
d:\devs\c++\akıramero\openglgraphics2dtutorials\puffenginefinal\puffengine\release\errors.obj
d:\devs\c++\akıramero\openglgraphics2dtutorials\puffenginefinal\puffengine\release\glslprogram.obj
d:\devs\c++\akıramero\openglgraphics2dtutorials\puffenginefinal\puffengine\release\guı.obj
d:\devs\c++\akıramero\openglgraphics2dtutorials\puffenginefinal\puffengine\release\imageloader.obj
d:\devs\c++\akıramero\openglgraphics2dtutorials\puffenginefinal\puffengine\release\ımaingame.obj
d:\devs\c++\akıramero\openglgraphics2dtutorials\puffenginefinal\puffengine\release\ınputmanager.obj
d:\devs\c++\akıramero\openglgraphics2dtutorials\puffenginefinal\puffengine\release\ıomanager.obj
d:\devs\c++\akıramero\openglgraphics2dtutorials\puffenginefinal\puffengine\release\particlebatch2d.obj
d:\devs\c++\akıramero\openglgraphics2dtutorials\puffenginefinal\puffengine\release\particleengine2d.obj
d:\devs\c++\akıramero\openglgraphics2dtutorials\puffenginefinal\puffengine\release\picopng.obj
d:\devs\c++\akıramero\openglgraphics2dtutorials\puffenginefinal\puffengine\release\puffengine.obj
d:\devs\c++\akıramero\openglgraphics2dtutorials\puffenginefinal\puffengine\release\pufferrors.obj
d:\devs\c++\akıramero\openglgraphics2dtutorials\puffenginefinal\puffengine\release\resourcemanager.obj
d:\devs\c++\akıramero\openglgraphics2dtutorials\puffenginefinal\puffengine\release\screenlist.obj
d:\devs\c++\akıramero\openglgraphics2dtutorials\puffenginefinal\puffengine\release\sprite.obj
d:\devs\c++\akıramero\openglgraphics2dtutorials\puffenginefinal\puffengine\release\spritebatch.obj
d:\devs\c++\akıramero\openglgraphics2dtutorials\puffenginefinal\puffengine\release\spritefont.obj
d:\devs\c++\akıramero\openglgraphics2dtutorials\puffenginefinal\puffengine\release\texturecahce.obj
d:\devs\c++\akıramero\openglgraphics2dtutorials\puffenginefinal\puffengine\release\timing.obj
d:\devs\c++\akıramero\openglgraphics2dtutorials\puffenginefinal\puffengine\release\window.obj
d:\devs\c++\akıramero\openglgraphics2dtutorials\puffenginefinal\puffengine\release\puffengine.pdb
d:\devs\c++\akıramero\openglgraphics2dtutorials\puffenginefinal\release\puffengine.lib
d:\devs\c++\akıramero\openglgraphics2dtutorials\puffenginefinal\puffengine\release\puffengine.tlog\cl.command.1.tlog
d:\devs\c++\akıramero\openglgraphics2dtutorials\puffenginefinal\puffengine\release\puffengine.tlog\cl.read.1.tlog
d:\devs\c++\akıramero\openglgraphics2dtutorials\puffenginefinal\puffengine\release\puffengine.tlog\cl.write.1.tlog
d:\devs\c++\akıramero\openglgraphics2dtutorials\puffenginefinal\puffengine\release\puffengine.tlog\lib-link.read.1.tlog
d:\devs\c++\akıramero\openglgraphics2dtutorials\puffenginefinal\puffengine\release\puffengine.tlog\lib-link.write.1.tlog
d:\devs\c++\akıramero\openglgraphics2dtutorials\puffenginefinal\puffengine\release\puffengine.tlog\lib.command.1.tlog
