  App.cpp
D:\devs\c++\AKIRAMERO\OpenGLGraphics2DTutorials\PuffEngineFinal\PuffEngine\Vertex.h(16,36): warning C4244:  'initializing': conversion from 'float' to 'GLubyte', possible loss of data
D:\devs\c++\AKIRAMERO\OpenGLGraphics2DTutorials\PuffEngineFinal\PuffEngine\SpriteFont.h(36,20): warning C4099:  'PuffEngine::GLTexture': type name first seen using 'struct' now seen using 'class'
  Box.cpp
D:\devs\c++\AKIRAMERO\OpenGLGraphics2DTutorials\PuffEngineFinal\PuffEngine\GLTexture.h(5): message :  see declaration of 'PuffEngine::GLTexture'
  Capsule.cpp
D:\devs\c++\AKIRAMERO\OpenGLGraphics2DTutorials\PuffEngineFinal\PuffEngine\Vertex.h(16,36): warning C4244:  'initializing': conversion from 'float' to 'GLubyte', possible loss of data
  EditorScreen.cpp
D:\devs\c++\AKIRAMERO\OpenGLGraphics2DTutorials\PuffEngineFinal\PuffEngine\Vertex.h(16,36): warning C4244:  'initializing': conversion from 'float' to 'GLubyte', possible loss of data
D:\devs\c++\AKIRAMERO\OpenGLGraphics2DTutorials\PuffEngineFinal\PuffEngine\Vertex.h(16,36): warning C4244:  'initializing': conversion from 'float' to 'GLubyte', possible loss of data
D:\devs\c++\AKIRAMERO\OpenGLGraphics2DTutorials\PuffEngineFinal\PuffEngine\GLTexture.h(5,18): warning C4099:  'PuffEngine::GLTexture': type name first seen using 'class' now seen using 'struct'
  GamePlayScreen.cpp
D:\devs\c++\AKIRAMERO\OpenGLGraphics2DTutorials\PuffEngineFinal\PuffEngine\GLTexture.h(5): message :  see declaration of 'PuffEngine::GLTexture'
  main.cpp
D:\devs\c++\AKIRAMERO\OpenGLGraphics2DTutorials\PuffEngineFinal\PuffEngine\Vertex.h(16,36): warning C4244:  'initializing': conversion from 'float' to 'GLubyte', possible loss of data
D:\devs\c++\AKIRAMERO\OpenGLGraphics2DTutorials\PuffEngineFinal\PuffEngine\Vertex.h(16,36): warning C4244:  'initializing': conversion from 'float' to 'GLubyte', possible loss of data
D:\devs\c++\AKIRAMERO\OpenGLGraphics2DTutorials\PuffEngineFinal\PuffEngine\SpriteFont.h(36,20): warning C4099:  'PuffEngine::GLTexture': type name first seen using 'struct' now seen using 'class'
  MainMenuScreen.cpp
  PlayerNinja.cpp
D:\devs\c++\AKIRAMERO\OpenGLGraphics2DTutorials\PuffEngineFinal\PuffEngine\GLTexture.h(5): message :  see declaration of 'PuffEngine::GLTexture'
D:\devs\c++\AKIRAMERO\OpenGLGraphics2DTutorials\PuffEngineFinal\PuffEngine\Vertex.h(16,36): warning C4244:  'initializing': conversion from 'float' to 'GLubyte', possible loss of data
  Generating Code...
D:\devs\c++\AKIRAMERO\OpenGLGraphics2DTutorials\PuffEngineFinal\NinjaPlatformer\PlayerNinja.cpp(141,62): warning C4244:  'argument': conversion from 'double' to 'float32', possible loss of data
PuffEngine.lib(b2WheelJoint.obj) : warning LNK4099: PDB 'Box2D.pdb' was not found with 'PuffEngine.lib(b2WheelJoint.obj)' or at 'D:\devs\c++\AKIRAMERO\OpenGLGraphics2DTutorials\PuffEngineFinal\Debug\Box2D.pdb'; linking object as if no debug info
PuffEngine.lib(b2WeldJoint.obj) : warning LNK4099: PDB 'Box2D.pdb' was not found with 'PuffEngine.lib(b2WeldJoint.obj)' or at 'D:\devs\c++\AKIRAMERO\OpenGLGraphics2DTutorials\PuffEngineFinal\Debug\Box2D.pdb'; linking object as if no debug info
PuffEngine.lib(b2RopeJoint.obj) : warning LNK4099: PDB 'Box2D.pdb' was not found with 'PuffEngine.lib(b2RopeJoint.obj)' or at 'D:\devs\c++\AKIRAMERO\OpenGLGraphics2DTutorials\PuffEngineFinal\Debug\Box2D.pdb'; linking object as if no debug info
PuffEngine.lib(b2RevoluteJoint.obj) : warning LNK4099: PDB 'Box2D.pdb' was not found with 'PuffEngine.lib(b2RevoluteJoint.obj)' or at 'D:\devs\c++\AKIRAMERO\OpenGLGraphics2DTutorials\PuffEngineFinal\Debug\Box2D.pdb'; linking object as if no debug info
PuffEngine.lib(b2PulleyJoint.obj) : warning LNK4099: PDB 'Box2D.pdb' was not found with 'PuffEngine.lib(b2PulleyJoint.obj)' or at 'D:\devs\c++\AKIRAMERO\OpenGLGraphics2DTutorials\PuffEngineFinal\Debug\Box2D.pdb'; linking object as if no debug info
PuffEngine.lib(b2PrismaticJoint.obj) : warning LNK4099: PDB 'Box2D.pdb' was not found with 'PuffEngine.lib(b2PrismaticJoint.obj)' or at 'D:\devs\c++\AKIRAMERO\OpenGLGraphics2DTutorials\PuffEngineFinal\Debug\Box2D.pdb'; linking object as if no debug info
PuffEngine.lib(b2MouseJoint.obj) : warning LNK4099: PDB 'Box2D.pdb' was not found with 'PuffEngine.lib(b2MouseJoint.obj)' or at 'D:\devs\c++\AKIRAMERO\OpenGLGraphics2DTutorials\PuffEngineFinal\Debug\Box2D.pdb'; linking object as if no debug info
PuffEngine.lib(b2MotorJoint.obj) : warning LNK4099: PDB 'Box2D.pdb' was not found with 'PuffEngine.lib(b2MotorJoint.obj)' or at 'D:\devs\c++\AKIRAMERO\OpenGLGraphics2DTutorials\PuffEngineFinal\Debug\Box2D.pdb'; linking object as if no debug info
PuffEngine.lib(b2Joint.obj) : warning LNK4099: PDB 'Box2D.pdb' was not found with 'PuffEngine.lib(b2Joint.obj)' or at 'D:\devs\c++\AKIRAMERO\OpenGLGraphics2DTutorials\PuffEngineFinal\Debug\Box2D.pdb'; linking object as if no debug info
PuffEngine.lib(b2GearJoint.obj) : warning LNK4099: PDB 'Box2D.pdb' was not found with 'PuffEngine.lib(b2GearJoint.obj)' or at 'D:\devs\c++\AKIRAMERO\OpenGLGraphics2DTutorials\PuffEngineFinal\Debug\Box2D.pdb'; linking object as if no debug info
PuffEngine.lib(b2FrictionJoint.obj) : warning LNK4099: PDB 'Box2D.pdb' was not found with 'PuffEngine.lib(b2FrictionJoint.obj)' or at 'D:\devs\c++\AKIRAMERO\OpenGLGraphics2DTutorials\PuffEngineFinal\Debug\Box2D.pdb'; linking object as if no debug info
PuffEngine.lib(b2DistanceJoint.obj) : warning LNK4099: PDB 'Box2D.pdb' was not found with 'PuffEngine.lib(b2DistanceJoint.obj)' or at 'D:\devs\c++\AKIRAMERO\OpenGLGraphics2DTutorials\PuffEngineFinal\Debug\Box2D.pdb'; linking object as if no debug info
PuffEngine.lib(b2PolygonContact.obj) : warning LNK4099: PDB 'Box2D.pdb' was not found with 'PuffEngine.lib(b2PolygonContact.obj)' or at 'D:\devs\c++\AKIRAMERO\OpenGLGraphics2DTutorials\PuffEngineFinal\Debug\Box2D.pdb'; linking object as if no debug info
PuffEngine.lib(b2PolygonAndCircleContact.obj) : warning LNK4099: PDB 'Box2D.pdb' was not found with 'PuffEngine.lib(b2PolygonAndCircleContact.obj)' or at 'D:\devs\c++\AKIRAMERO\OpenGLGraphics2DTutorials\PuffEngineFinal\Debug\Box2D.pdb'; linking object as if no debug info
PuffEngine.lib(b2EdgeAndPolygonContact.obj) : warning LNK4099: PDB 'Box2D.pdb' was not found with 'PuffEngine.lib(b2EdgeAndPolygonContact.obj)' or at 'D:\devs\c++\AKIRAMERO\OpenGLGraphics2DTutorials\PuffEngineFinal\Debug\Box2D.pdb'; linking object as if no debug info
PuffEngine.lib(b2EdgeAndCircleContact.obj) : warning LNK4099: PDB 'Box2D.pdb' was not found with 'PuffEngine.lib(b2EdgeAndCircleContact.obj)' or at 'D:\devs\c++\AKIRAMERO\OpenGLGraphics2DTutorials\PuffEngineFinal\Debug\Box2D.pdb'; linking object as if no debug info
PuffEngine.lib(b2ContactSolver.obj) : warning LNK4099: PDB 'Box2D.pdb' was not found with 'PuffEngine.lib(b2ContactSolver.obj)' or at 'D:\devs\c++\AKIRAMERO\OpenGLGraphics2DTutorials\PuffEngineFinal\Debug\Box2D.pdb'; linking object as if no debug info
PuffEngine.lib(b2Contact.obj) : warning LNK4099: PDB 'Box2D.pdb' was not found with 'PuffEngine.lib(b2Contact.obj)' or at 'D:\devs\c++\AKIRAMERO\OpenGLGraphics2DTutorials\PuffEngineFinal\Debug\Box2D.pdb'; linking object as if no debug info
PuffEngine.lib(b2CircleContact.obj) : warning LNK4099: PDB 'Box2D.pdb' was not found with 'PuffEngine.lib(b2CircleContact.obj)' or at 'D:\devs\c++\AKIRAMERO\OpenGLGraphics2DTutorials\PuffEngineFinal\Debug\Box2D.pdb'; linking object as if no debug info
PuffEngine.lib(b2ChainAndPolygonContact.obj) : warning LNK4099: PDB 'Box2D.pdb' was not found with 'PuffEngine.lib(b2ChainAndPolygonContact.obj)' or at 'D:\devs\c++\AKIRAMERO\OpenGLGraphics2DTutorials\PuffEngineFinal\Debug\Box2D.pdb'; linking object as if no debug info
PuffEngine.lib(b2ChainAndCircleContact.obj) : warning LNK4099: PDB 'Box2D.pdb' was not found with 'PuffEngine.lib(b2ChainAndCircleContact.obj)' or at 'D:\devs\c++\AKIRAMERO\OpenGLGraphics2DTutorials\PuffEngineFinal\Debug\Box2D.pdb'; linking object as if no debug info
PuffEngine.lib(b2WorldCallbacks.obj) : warning LNK4099: PDB 'Box2D.pdb' was not found with 'PuffEngine.lib(b2WorldCallbacks.obj)' or at 'D:\devs\c++\AKIRAMERO\OpenGLGraphics2DTutorials\PuffEngineFinal\Debug\Box2D.pdb'; linking object as if no debug info
PuffEngine.lib(b2World.obj) : warning LNK4099: PDB 'Box2D.pdb' was not found with 'PuffEngine.lib(b2World.obj)' or at 'D:\devs\c++\AKIRAMERO\OpenGLGraphics2DTutorials\PuffEngineFinal\Debug\Box2D.pdb'; linking object as if no debug info
PuffEngine.lib(b2Island.obj) : warning LNK4099: PDB 'Box2D.pdb' was not found with 'PuffEngine.lib(b2Island.obj)' or at 'D:\devs\c++\AKIRAMERO\OpenGLGraphics2DTutorials\PuffEngineFinal\Debug\Box2D.pdb'; linking object as if no debug info
PuffEngine.lib(b2Fixture.obj) : warning LNK4099: PDB 'Box2D.pdb' was not found with 'PuffEngine.lib(b2Fixture.obj)' or at 'D:\devs\c++\AKIRAMERO\OpenGLGraphics2DTutorials\PuffEngineFinal\Debug\Box2D.pdb'; linking object as if no debug info
PuffEngine.lib(b2ContactManager.obj) : warning LNK4099: PDB 'Box2D.pdb' was not found with 'PuffEngine.lib(b2ContactManager.obj)' or at 'D:\devs\c++\AKIRAMERO\OpenGLGraphics2DTutorials\PuffEngineFinal\Debug\Box2D.pdb'; linking object as if no debug info
PuffEngine.lib(b2Body.obj) : warning LNK4099: PDB 'Box2D.pdb' was not found with 'PuffEngine.lib(b2Body.obj)' or at 'D:\devs\c++\AKIRAMERO\OpenGLGraphics2DTutorials\PuffEngineFinal\Debug\Box2D.pdb'; linking object as if no debug info
PuffEngine.lib(b2Timer.obj) : warning LNK4099: PDB 'Box2D.pdb' was not found with 'PuffEngine.lib(b2Timer.obj)' or at 'D:\devs\c++\AKIRAMERO\OpenGLGraphics2DTutorials\PuffEngineFinal\Debug\Box2D.pdb'; linking object as if no debug info
PuffEngine.lib(b2StackAllocator.obj) : warning LNK4099: PDB 'Box2D.pdb' was not found with 'PuffEngine.lib(b2StackAllocator.obj)' or at 'D:\devs\c++\AKIRAMERO\OpenGLGraphics2DTutorials\PuffEngineFinal\Debug\Box2D.pdb'; linking object as if no debug info
PuffEngine.lib(b2Settings.obj) : warning LNK4099: PDB 'Box2D.pdb' was not found with 'PuffEngine.lib(b2Settings.obj)' or at 'D:\devs\c++\AKIRAMERO\OpenGLGraphics2DTutorials\PuffEngineFinal\Debug\Box2D.pdb'; linking object as if no debug info
PuffEngine.lib(b2Math.obj) : warning LNK4099: PDB 'Box2D.pdb' was not found with 'PuffEngine.lib(b2Math.obj)' or at 'D:\devs\c++\AKIRAMERO\OpenGLGraphics2DTutorials\PuffEngineFinal\Debug\Box2D.pdb'; linking object as if no debug info
PuffEngine.lib(b2Draw.obj) : warning LNK4099: PDB 'Box2D.pdb' was not found with 'PuffEngine.lib(b2Draw.obj)' or at 'D:\devs\c++\AKIRAMERO\OpenGLGraphics2DTutorials\PuffEngineFinal\Debug\Box2D.pdb'; linking object as if no debug info
PuffEngine.lib(b2BlockAllocator.obj) : warning LNK4099: PDB 'Box2D.pdb' was not found with 'PuffEngine.lib(b2BlockAllocator.obj)' or at 'D:\devs\c++\AKIRAMERO\OpenGLGraphics2DTutorials\PuffEngineFinal\Debug\Box2D.pdb'; linking object as if no debug info
PuffEngine.lib(b2PolygonShape.obj) : warning LNK4099: PDB 'Box2D.pdb' was not found with 'PuffEngine.lib(b2PolygonShape.obj)' or at 'D:\devs\c++\AKIRAMERO\OpenGLGraphics2DTutorials\PuffEngineFinal\Debug\Box2D.pdb'; linking object as if no debug info
PuffEngine.lib(b2EdgeShape.obj) : warning LNK4099: PDB 'Box2D.pdb' was not found with 'PuffEngine.lib(b2EdgeShape.obj)' or at 'D:\devs\c++\AKIRAMERO\OpenGLGraphics2DTutorials\PuffEngineFinal\Debug\Box2D.pdb'; linking object as if no debug info
PuffEngine.lib(b2CircleShape.obj) : warning LNK4099: PDB 'Box2D.pdb' was not found with 'PuffEngine.lib(b2CircleShape.obj)' or at 'D:\devs\c++\AKIRAMERO\OpenGLGraphics2DTutorials\PuffEngineFinal\Debug\Box2D.pdb'; linking object as if no debug info
PuffEngine.lib(b2ChainShape.obj) : warning LNK4099: PDB 'Box2D.pdb' was not found with 'PuffEngine.lib(b2ChainShape.obj)' or at 'D:\devs\c++\AKIRAMERO\OpenGLGraphics2DTutorials\PuffEngineFinal\Debug\Box2D.pdb'; linking object as if no debug info
PuffEngine.lib(b2TimeOfImpact.obj) : warning LNK4099: PDB 'Box2D.pdb' was not found with 'PuffEngine.lib(b2TimeOfImpact.obj)' or at 'D:\devs\c++\AKIRAMERO\OpenGLGraphics2DTutorials\PuffEngineFinal\Debug\Box2D.pdb'; linking object as if no debug info
PuffEngine.lib(b2DynamicTree.obj) : warning LNK4099: PDB 'Box2D.pdb' was not found with 'PuffEngine.lib(b2DynamicTree.obj)' or at 'D:\devs\c++\AKIRAMERO\OpenGLGraphics2DTutorials\PuffEngineFinal\Debug\Box2D.pdb'; linking object as if no debug info
PuffEngine.lib(b2Distance.obj) : warning LNK4099: PDB 'Box2D.pdb' was not found with 'PuffEngine.lib(b2Distance.obj)' or at 'D:\devs\c++\AKIRAMERO\OpenGLGraphics2DTutorials\PuffEngineFinal\Debug\Box2D.pdb'; linking object as if no debug info
PuffEngine.lib(b2Collision.obj) : warning LNK4099: PDB 'Box2D.pdb' was not found with 'PuffEngine.lib(b2Collision.obj)' or at 'D:\devs\c++\AKIRAMERO\OpenGLGraphics2DTutorials\PuffEngineFinal\Debug\Box2D.pdb'; linking object as if no debug info
PuffEngine.lib(b2CollidePolygon.obj) : warning LNK4099: PDB 'Box2D.pdb' was not found with 'PuffEngine.lib(b2CollidePolygon.obj)' or at 'D:\devs\c++\AKIRAMERO\OpenGLGraphics2DTutorials\PuffEngineFinal\Debug\Box2D.pdb'; linking object as if no debug info
PuffEngine.lib(b2CollideEdge.obj) : warning LNK4099: PDB 'Box2D.pdb' was not found with 'PuffEngine.lib(b2CollideEdge.obj)' or at 'D:\devs\c++\AKIRAMERO\OpenGLGraphics2DTutorials\PuffEngineFinal\Debug\Box2D.pdb'; linking object as if no debug info
PuffEngine.lib(b2CollideCircle.obj) : warning LNK4099: PDB 'Box2D.pdb' was not found with 'PuffEngine.lib(b2CollideCircle.obj)' or at 'D:\devs\c++\AKIRAMERO\OpenGLGraphics2DTutorials\PuffEngineFinal\Debug\Box2D.pdb'; linking object as if no debug info
PuffEngine.lib(b2BroadPhase.obj) : warning LNK4099: PDB 'Box2D.pdb' was not found with 'PuffEngine.lib(b2BroadPhase.obj)' or at 'D:\devs\c++\AKIRAMERO\OpenGLGraphics2DTutorials\PuffEngineFinal\Debug\Box2D.pdb'; linking object as if no debug info
  NinjaPlatformer.vcxproj -> D:\devs\c++\AKIRAMERO\OpenGLGraphics2DTutorials\PuffEngineFinal\Debug\NinjaPlatformer.exe
