c:\users\faruk\documents\vısual studıo 2015\projects\akıramero\graphıcs 1\zombıegame\nınjaplatformer\debug\vc140.pdb
c:\users\faruk\documents\vısual studıo 2015\projects\akıramero\graphıcs 1\zombıegame\nınjaplatformer\debug\vc140.ıdb
c:\users\faruk\documents\vısual studıo 2015\projects\akıramero\graphıcs 1\zombıegame\nınjaplatformer\debug\maın.obj
c:\users\faruk\documents\vısual studıo 2015\projects\akıramero\graphıcs 1\zombıegame\nınjaplatformer\debug\app.obj
c:\users\faruk\documents\vısual studıo 2015\projects\akıramero\graphıcs 1\zombıegame\nınjaplatformer\debug\gameplayscreen.obj
c:\users\faruk\documents\vısual studıo 2015\projects\akıramero\graphıcs 1\zombıegame\nınjaplatformer\debug\box.obj
c:\users\faruk\documents\vısual studıo 2015\projects\akıramero\graphıcs 1\zombıegame\nınjaplatformer\debug\playernınja.obj
c:\users\faruk\documents\vısual studıo 2015\projects\akıramero\graphıcs 1\zombıegame\nınjaplatformer\debug\capsule.obj
c:\users\faruk\documents\vısual studıo 2015\projects\akıramero\graphıcs 1\zombıegame\nınjaplatformer\debug\maınmenuscreen.obj
c:\users\faruk\documents\vısual studıo 2015\projects\akıramero\graphıcs 1\zombıegame\debug\nınjaplatformer.ılk
c:\users\faruk\documents\vısual studıo 2015\projects\akıramero\graphıcs 1\zombıegame\debug\nınjaplatformer.exe
c:\users\faruk\documents\vısual studıo 2015\projects\akıramero\graphıcs 1\zombıegame\debug\nınjaplatformer.pdb
c:\users\faruk\documents\visual studio 2015\projects\akıramero\graphics 1\zombiegame\ninjaplatformer\debug\app.obj
c:\users\faruk\documents\visual studio 2015\projects\akıramero\graphics 1\zombiegame\ninjaplatformer\debug\box.obj
c:\users\faruk\documents\visual studio 2015\projects\akıramero\graphics 1\zombiegame\ninjaplatformer\debug\capsule.obj
c:\users\faruk\documents\visual studio 2015\projects\akıramero\graphics 1\zombiegame\ninjaplatformer\debug\gameplayscreen.obj
c:\users\faruk\documents\visual studio 2015\projects\akıramero\graphics 1\zombiegame\ninjaplatformer\debug\main.obj
c:\users\faruk\documents\visual studio 2015\projects\akıramero\graphics 1\zombiegame\ninjaplatformer\debug\mainmenuscreen.obj
c:\users\faruk\documents\visual studio 2015\projects\akıramero\graphics 1\zombiegame\ninjaplatformer\debug\playerninja.obj
c:\users\faruk\documents\visual studio 2015\projects\akıramero\graphics 1\zombiegame\ninjaplatformer\debug\app.obj.enc
c:\users\faruk\documents\visual studio 2015\projects\akıramero\graphics 1\zombiegame\ninjaplatformer\debug\vc140.idb
c:\users\faruk\documents\visual studio 2015\projects\akıramero\graphics 1\zombiegame\ninjaplatformer\debug\vc140.pdb
c:\users\faruk\documents\visual studio 2015\projects\akıramero\graphics 1\zombiegame\debug\ninjaplatformer.pdb
c:\users\faruk\documents\visual studio 2015\projects\akıramero\graphics 1\zombiegame\debug\ninjaplatformer.exe
c:\users\faruk\documents\visual studio 2015\projects\akıramero\graphics 1\zombiegame\debug\ninjaplatformer.ilk
c:\users\faruk\documents\visual studio 2015\projects\akıramero\graphics 1\zombiegame\ninjaplatformer\debug\ninjaplatformer.tlog\cl.command.1.tlog
c:\users\faruk\documents\visual studio 2015\projects\akıramero\graphics 1\zombiegame\ninjaplatformer\debug\ninjaplatformer.tlog\cl.read.1.tlog
c:\users\faruk\documents\visual studio 2015\projects\akıramero\graphics 1\zombiegame\ninjaplatformer\debug\ninjaplatformer.tlog\cl.write.1.tlog
c:\users\faruk\documents\visual studio 2015\projects\akıramero\graphics 1\zombiegame\ninjaplatformer\debug\ninjaplatformer.tlog\link.command.1.tlog
c:\users\faruk\documents\visual studio 2015\projects\akıramero\graphics 1\zombiegame\ninjaplatformer\debug\ninjaplatformer.tlog\link.read.1.tlog
c:\users\faruk\documents\visual studio 2015\projects\akıramero\graphics 1\zombiegame\ninjaplatformer\debug\ninjaplatformer.tlog\link.write.1.tlog
